[1.146s] DEBUG:colcon:Command line arguments: ['/usr/bin/colcon', 'build']
[1.146s] DEBUG:colcon:Parsed command line arguments: Namespace(log_base=None, log_level=None, verb_name='build', build_base='build', install_base='install', merge_install=False, symlink_install=False, test_result_base=None, continue_on_error=False, executor='parallel', parallel_workers=12, event_handlers=None, ignore_user_meta=False, metas=['./colcon.meta'], base_paths=['.'], packages_ignore=None, packages_ignore_regex=None, paths=None, packages_up_to=None, packages_up_to_regex=None, packages_above=None, packages_above_and_dependencies=None, packages_above_depth=None, packages_select_by_dep=None, packages_skip_by_dep=None, packages_skip_up_to=None, packages_select_build_failed=False, packages_skip_build_finished=False, packages_select_test_failures=False, packages_skip_test_passed=False, packages_select=None, packages_skip=None, packages_select_regex=None, packages_skip_regex=None, packages_start=None, packages_end=None, allow_overriding=[], cmake_args=None, cmake_target=None, cmake_target_skip_unavailable=False, cmake_clean_cache=False, cmake_clean_first=False, cmake_force_configure=False, ament_cmake_args=None, catkin_cmake_args=None, catkin_skip_building_tests=False, mixin_files=None, mixin=None, verb_parser=<colcon_mixin.mixin.mixin_argument.MixinArgumentDecorator object at 0x73567ae41c60>, verb_extension=<colcon_core.verb.build.BuildVerb object at 0x73567ae41570>, main=<bound method BuildVerb.main of <colcon_core.verb.build.BuildVerb object at 0x73567ae41570>>, mixin_verb=('build',))
[2.055s] Level 1:colcon.colcon_core.package_discovery:discover_packages(colcon_meta) check parameters
[2.055s] Level 1:colcon.colcon_core.package_discovery:discover_packages(recursive) check parameters
[2.055s] Level 1:colcon.colcon_core.package_discovery:discover_packages(ignore) check parameters
[2.055s] Level 1:colcon.colcon_core.package_discovery:discover_packages(path) check parameters
[2.055s] Level 1:colcon.colcon_core.package_discovery:discover_packages(colcon_meta) discover
[2.055s] Level 1:colcon.colcon_core.package_discovery:discover_packages(recursive) discover
[2.059s] INFO:colcon.colcon_core.package_discovery:Crawling recursively for packages in '/home/antonyf/ros2_ws'
[2.059s] Level 1:colcon.colcon_core.package_identification:_identify(.) by extensions ['ignore', 'ignore_ament_install']
[2.060s] Level 1:colcon.colcon_core.package_identification:_identify(.) by extension 'ignore'
[2.060s] Level 1:colcon.colcon_core.package_identification:_identify(.) by extension 'ignore_ament_install'
[2.060s] Level 1:colcon.colcon_core.package_identification:_identify(.) by extensions ['colcon_pkg']
[2.060s] Level 1:colcon.colcon_core.package_identification:_identify(.) by extension 'colcon_pkg'
[2.061s] Level 1:colcon.colcon_core.package_identification:_identify(.) by extensions ['colcon_meta']
[2.061s] Level 1:colcon.colcon_core.package_identification:_identify(.) by extension 'colcon_meta'
[2.061s] Level 1:colcon.colcon_core.package_identification:_identify(.) by extensions ['ros']
[2.061s] Level 1:colcon.colcon_core.package_identification:_identify(.) by extension 'ros'
[2.118s] Level 1:colcon.colcon_core.package_identification:_identify(.) by extensions ['cmake', 'python']
[2.119s] Level 1:colcon.colcon_core.package_identification:_identify(.) by extension 'cmake'
[2.119s] Level 1:colcon.colcon_core.package_identification:_identify(.) by extension 'python'
[2.119s] Level 1:colcon.colcon_core.package_identification:_identify(.) by extensions ['python_setup_py']
[2.119s] Level 1:colcon.colcon_core.package_identification:_identify(.) by extension 'python_setup_py'
[2.119s] Level 1:colcon.colcon_core.package_identification:_identify(build) by extensions ['ignore', 'ignore_ament_install']
[2.119s] Level 1:colcon.colcon_core.package_identification:_identify(build) by extension 'ignore'
[2.119s] Level 1:colcon.colcon_core.package_identification:_identify(build) ignored
[2.120s] Level 1:colcon.colcon_core.package_identification:_identify(install) by extensions ['ignore', 'ignore_ament_install']
[2.120s] Level 1:colcon.colcon_core.package_identification:_identify(install) by extension 'ignore'
[2.120s] Level 1:colcon.colcon_core.package_identification:_identify(install) ignored
[2.120s] Level 1:colcon.colcon_core.package_identification:_identify(log) by extensions ['ignore', 'ignore_ament_install']
[2.120s] Level 1:colcon.colcon_core.package_identification:_identify(log) by extension 'ignore'
[2.120s] Level 1:colcon.colcon_core.package_identification:_identify(log) ignored
[2.121s] Level 1:colcon.colcon_core.package_identification:_identify(src) by extensions ['ignore', 'ignore_ament_install']
[2.121s] Level 1:colcon.colcon_core.package_identification:_identify(src) by extension 'ignore'
[2.121s] Level 1:colcon.colcon_core.package_identification:_identify(src) by extension 'ignore_ament_install'
[2.121s] Level 1:colcon.colcon_core.package_identification:_identify(src) by extensions ['colcon_pkg']
[2.121s] Level 1:colcon.colcon_core.package_identification:_identify(src) by extension 'colcon_pkg'
[2.121s] Level 1:colcon.colcon_core.package_identification:_identify(src) by extensions ['colcon_meta']
[2.121s] Level 1:colcon.colcon_core.package_identification:_identify(src) by extension 'colcon_meta'
[2.121s] Level 1:colcon.colcon_core.package_identification:_identify(src) by extensions ['ros']
[2.121s] Level 1:colcon.colcon_core.package_identification:_identify(src) by extension 'ros'
[2.122s] Level 1:colcon.colcon_core.package_identification:_identify(src) by extensions ['cmake', 'python']
[2.122s] Level 1:colcon.colcon_core.package_identification:_identify(src) by extension 'cmake'
[2.122s] Level 1:colcon.colcon_core.package_identification:_identify(src) by extension 'python'
[2.122s] Level 1:colcon.colcon_core.package_identification:_identify(src) by extensions ['python_setup_py']
[2.122s] Level 1:colcon.colcon_core.package_identification:_identify(src) by extension 'python_setup_py'
[2.122s] Level 1:colcon.colcon_core.package_identification:_identify(src/my_rc_car) by extensions ['ignore', 'ignore_ament_install']
[2.122s] Level 1:colcon.colcon_core.package_identification:_identify(src/my_rc_car) by extension 'ignore'
[2.122s] Level 1:colcon.colcon_core.package_identification:_identify(src/my_rc_car) by extension 'ignore_ament_install'
[2.122s] Level 1:colcon.colcon_core.package_identification:_identify(src/my_rc_car) by extensions ['colcon_pkg']
[2.122s] Level 1:colcon.colcon_core.package_identification:_identify(src/my_rc_car) by extension 'colcon_pkg'
[2.123s] Level 1:colcon.colcon_core.package_identification:_identify(src/my_rc_car) by extensions ['colcon_meta']
[2.123s] Level 1:colcon.colcon_core.package_identification:_identify(src/my_rc_car) by extension 'colcon_meta'
[2.123s] Level 1:colcon.colcon_core.package_identification:_identify(src/my_rc_car) by extensions ['ros']
[2.123s] Level 1:colcon.colcon_core.package_identification:_identify(src/my_rc_car) by extension 'ros'
[2.136s] DEBUG:colcon.colcon_core.package_identification:Package 'src/my_rc_car' with type 'ros.ament_python' and name 'my_rc_car'
[2.136s] Level 1:colcon.colcon_core.package_identification:_identify(src/my_robot_controller) by extensions ['ignore', 'ignore_ament_install']
[2.136s] Level 1:colcon.colcon_core.package_identification:_identify(src/my_robot_controller) by extension 'ignore'
[2.137s] Level 1:colcon.colcon_core.package_identification:_identify(src/my_robot_controller) by extension 'ignore_ament_install'
[2.137s] Level 1:colcon.colcon_core.package_identification:_identify(src/my_robot_controller) by extensions ['colcon_pkg']
[2.137s] Level 1:colcon.colcon_core.package_identification:_identify(src/my_robot_controller) by extension 'colcon_pkg'
[2.137s] Level 1:colcon.colcon_core.package_identification:_identify(src/my_robot_controller) by extensions ['colcon_meta']
[2.137s] Level 1:colcon.colcon_core.package_identification:_identify(src/my_robot_controller) by extension 'colcon_meta'
[2.137s] Level 1:colcon.colcon_core.package_identification:_identify(src/my_robot_controller) by extensions ['ros']
[2.137s] Level 1:colcon.colcon_core.package_identification:_identify(src/my_robot_controller) by extension 'ros'
[2.139s] DEBUG:colcon.colcon_core.package_identification:Package 'src/my_robot_controller' with type 'ros.ament_python' and name 'my_robot_controller'
[2.139s] Level 1:colcon.colcon_core.package_discovery:discover_packages(recursive) using defaults
[2.139s] Level 1:colcon.colcon_core.package_discovery:discover_packages(ignore) discover
[2.139s] Level 1:colcon.colcon_core.package_discovery:discover_packages(ignore) using defaults
[2.140s] Level 1:colcon.colcon_core.package_discovery:discover_packages(path) discover
[2.140s] Level 1:colcon.colcon_core.package_discovery:discover_packages(path) using defaults
[2.248s] Level 1:colcon.colcon_core.package_discovery:discover_packages(prefix_path) check parameters
[2.248s] Level 1:colcon.colcon_core.package_discovery:discover_packages(prefix_path) discover
[2.260s] DEBUG:colcon.colcon_installed_package_information.package_discovery:Found 2 installed packages in /home/antonyf/ros2_ws/install
[2.263s] DEBUG:colcon.colcon_installed_package_information.package_discovery:Found 271 installed packages in /opt/ros/humble
[2.266s] Level 1:colcon.colcon_core.package_discovery:discover_packages(prefix_path) using defaults
[2.345s] Level 5:colcon.colcon_core.verb:set package 'my_rc_car' build argument 'cmake_args' from command line to 'None'
[2.345s] Level 5:colcon.colcon_core.verb:set package 'my_rc_car' build argument 'cmake_target' from command line to 'None'
[2.345s] Level 5:colcon.colcon_core.verb:set package 'my_rc_car' build argument 'cmake_target_skip_unavailable' from command line to 'False'
[2.345s] Level 5:colcon.colcon_core.verb:set package 'my_rc_car' build argument 'cmake_clean_cache' from command line to 'False'
[2.345s] Level 5:colcon.colcon_core.verb:set package 'my_rc_car' build argument 'cmake_clean_first' from command line to 'False'
[2.345s] Level 5:colcon.colcon_core.verb:set package 'my_rc_car' build argument 'cmake_force_configure' from command line to 'False'
[2.345s] Level 5:colcon.colcon_core.verb:set package 'my_rc_car' build argument 'ament_cmake_args' from command line to 'None'
[2.345s] Level 5:colcon.colcon_core.verb:set package 'my_rc_car' build argument 'catkin_cmake_args' from command line to 'None'
[2.345s] Level 5:colcon.colcon_core.verb:set package 'my_rc_car' build argument 'catkin_skip_building_tests' from command line to 'False'
[2.345s] DEBUG:colcon.colcon_core.verb:Building package 'my_rc_car' with the following arguments: {'ament_cmake_args': None, 'build_base': '/home/antonyf/ros2_ws/build/my_rc_car', 'catkin_cmake_args': None, 'catkin_skip_building_tests': False, 'cmake_args': None, 'cmake_clean_cache': False, 'cmake_clean_first': False, 'cmake_force_configure': False, 'cmake_target': None, 'cmake_target_skip_unavailable': False, 'install_base': '/home/antonyf/ros2_ws/install/my_rc_car', 'merge_install': False, 'path': '/home/antonyf/ros2_ws/src/my_rc_car', 'symlink_install': False, 'test_result_base': None}
[2.346s] Level 5:colcon.colcon_core.verb:set package 'my_robot_controller' build argument 'cmake_args' from command line to 'None'
[2.346s] Level 5:colcon.colcon_core.verb:set package 'my_robot_controller' build argument 'cmake_target' from command line to 'None'
[2.346s] Level 5:colcon.colcon_core.verb:set package 'my_robot_controller' build argument 'cmake_target_skip_unavailable' from command line to 'False'
[2.346s] Level 5:colcon.colcon_core.verb:set package 'my_robot_controller' build argument 'cmake_clean_cache' from command line to 'False'
[2.346s] Level 5:colcon.colcon_core.verb:set package 'my_robot_controller' build argument 'cmake_clean_first' from command line to 'False'
[2.346s] Level 5:colcon.colcon_core.verb:set package 'my_robot_controller' build argument 'cmake_force_configure' from command line to 'False'
[2.346s] Level 5:colcon.colcon_core.verb:set package 'my_robot_controller' build argument 'ament_cmake_args' from command line to 'None'
[2.346s] Level 5:colcon.colcon_core.verb:set package 'my_robot_controller' build argument 'catkin_cmake_args' from command line to 'None'
[2.346s] Level 5:colcon.colcon_core.verb:set package 'my_robot_controller' build argument 'catkin_skip_building_tests' from command line to 'False'
[2.346s] DEBUG:colcon.colcon_core.verb:Building package 'my_robot_controller' with the following arguments: {'ament_cmake_args': None, 'build_base': '/home/antonyf/ros2_ws/build/my_robot_controller', 'catkin_cmake_args': None, 'catkin_skip_building_tests': False, 'cmake_args': None, 'cmake_clean_cache': False, 'cmake_clean_first': False, 'cmake_force_configure': False, 'cmake_target': None, 'cmake_target_skip_unavailable': False, 'install_base': '/home/antonyf/ros2_ws/install/my_robot_controller', 'merge_install': False, 'path': '/home/antonyf/ros2_ws/src/my_robot_controller', 'symlink_install': False, 'test_result_base': None}
[2.346s] INFO:colcon.colcon_core.executor:Executing jobs using 'parallel' executor
[2.349s] DEBUG:colcon.colcon_parallel_executor.executor.parallel:run_until_complete
[2.351s] INFO:colcon.colcon_ros.task.ament_python.build:Building ROS package in '/home/antonyf/ros2_ws/src/my_rc_car' with build type 'ament_python'
[2.351s] Level 1:colcon.colcon_core.shell:create_environment_hook('my_rc_car', 'ament_prefix_path')
[2.370s] INFO:colcon.colcon_core.plugin_system:Skipping extension 'colcon_core.shell.bat': Not used on non-Windows systems
[2.370s] INFO:colcon.colcon_core.shell:Creating environment hook '/home/antonyf/ros2_ws/install/my_rc_car/share/my_rc_car/hook/ament_prefix_path.ps1'
[2.375s] INFO:colcon.colcon_core.shell:Creating environment descriptor '/home/antonyf/ros2_ws/install/my_rc_car/share/my_rc_car/hook/ament_prefix_path.dsv'
[2.378s] INFO:colcon.colcon_core.shell:Creating environment hook '/home/antonyf/ros2_ws/install/my_rc_car/share/my_rc_car/hook/ament_prefix_path.sh'
[2.381s] INFO:colcon.colcon_core.shell:Skip shell extension 'powershell' for command environment: Not usable outside of PowerShell
[2.381s] DEBUG:colcon.colcon_core.shell:Skip shell extension 'dsv' for command environment
[2.390s] INFO:colcon.colcon_ros.task.ament_python.build:Building ROS package in '/home/antonyf/ros2_ws/src/my_robot_controller' with build type 'ament_python'
[2.390s] Level 1:colcon.colcon_core.shell:create_environment_hook('my_robot_controller', 'ament_prefix_path')
[2.391s] INFO:colcon.colcon_core.shell:Creating environment hook '/home/antonyf/ros2_ws/install/my_robot_controller/share/my_robot_controller/hook/ament_prefix_path.ps1'
[2.393s] INFO:colcon.colcon_core.shell:Creating environment descriptor '/home/antonyf/ros2_ws/install/my_robot_controller/share/my_robot_controller/hook/ament_prefix_path.dsv'
[2.394s] INFO:colcon.colcon_core.shell:Creating environment hook '/home/antonyf/ros2_ws/install/my_robot_controller/share/my_robot_controller/hook/ament_prefix_path.sh'
[2.395s] INFO:colcon.colcon_core.shell:Skip shell extension 'powershell' for command environment: Not usable outside of PowerShell
[2.395s] DEBUG:colcon.colcon_core.shell:Skip shell extension 'dsv' for command environment
[3.057s] INFO:colcon.colcon_core.task.python.build:Building Python package in '/home/antonyf/ros2_ws/src/my_rc_car'
[3.058s] INFO:colcon.colcon_core.shell:Skip shell extension 'powershell' for command environment: Not usable outside of PowerShell
[3.058s] DEBUG:colcon.colcon_core.shell:Skip shell extension 'dsv' for command environment
[3.638s] INFO:colcon.colcon_core.task.python.build:Building Python package in '/home/antonyf/ros2_ws/src/my_robot_controller'
[3.638s] INFO:colcon.colcon_core.shell:Skip shell extension 'powershell' for command environment: Not usable outside of PowerShell
[3.638s] DEBUG:colcon.colcon_core.shell:Skip shell extension 'dsv' for command environment
[5.020s] DEBUG:colcon.colcon_core.event_handler.log_command:Invoking command in '/home/antonyf/ros2_ws/src/my_robot_controller': PYTHONPATH=/home/antonyf/ros2_ws/build/my_robot_controller/prefix_override:/usr/lib/python3/dist-packages/colcon_core/task/python/colcon_distutils_commands:/home/antonyf/ros2_ws/install/my_robot_controller/lib/python3.10/site-packages:${PYTHONPATH} /usr/bin/python3 -W ignore:setup.py install is deprecated -W ignore:easy_install command is deprecated setup.py egg_info --egg-base ../../build/my_robot_controller build --build-base /home/antonyf/ros2_ws/build/my_robot_controller/build install --record /home/antonyf/ros2_ws/build/my_robot_controller/install.log --single-version-externally-managed install_data
[5.034s] DEBUG:colcon.colcon_core.event_handler.log_command:Invoking command in '/home/antonyf/ros2_ws/src/my_rc_car': PYTHONPATH=/home/antonyf/ros2_ws/build/my_rc_car/prefix_override:/usr/lib/python3/dist-packages/colcon_core/task/python/colcon_distutils_commands:/home/antonyf/ros2_ws/install/my_rc_car/lib/python3.10/site-packages:${PYTHONPATH} /usr/bin/python3 -W ignore:setup.py install is deprecated -W ignore:easy_install command is deprecated setup.py egg_info --egg-base ../../build/my_rc_car build --build-base /home/antonyf/ros2_ws/build/my_rc_car/build install --record /home/antonyf/ros2_ws/build/my_rc_car/install.log --single-version-externally-managed install_data
[5.867s] DEBUG:colcon.colcon_core.event_handler.log_command:Invoked command in '/home/antonyf/ros2_ws/src/my_robot_controller' returned '0': PYTHONPATH=/home/antonyf/ros2_ws/build/my_robot_controller/prefix_override:/usr/lib/python3/dist-packages/colcon_core/task/python/colcon_distutils_commands:/home/antonyf/ros2_ws/install/my_robot_controller/lib/python3.10/site-packages:${PYTHONPATH} /usr/bin/python3 -W ignore:setup.py install is deprecated -W ignore:easy_install command is deprecated setup.py egg_info --egg-base ../../build/my_robot_controller build --build-base /home/antonyf/ros2_ws/build/my_robot_controller/build install --record /home/antonyf/ros2_ws/build/my_robot_controller/install.log --single-version-externally-managed install_data
[5.891s] Level 1:colcon.colcon_core.environment:checking '/home/antonyf/ros2_ws/install/my_robot_controller' for CMake module files
[5.892s] Level 1:colcon.colcon_core.environment:checking '/home/antonyf/ros2_ws/install/my_robot_controller' for CMake config files
[5.896s] Level 1:colcon.colcon_core.environment:checking '/home/antonyf/ros2_ws/install/my_robot_controller/lib'
[5.897s] Level 1:colcon.colcon_core.environment:checking '/home/antonyf/ros2_ws/install/my_robot_controller/bin'
[5.897s] Level 1:colcon.colcon_core.environment:checking '/home/antonyf/ros2_ws/install/my_robot_controller/lib/pkgconfig/my_robot_controller.pc'
[5.897s] Level 1:colcon.colcon_core.environment:checking '/home/antonyf/ros2_ws/install/my_robot_controller/lib/python3.10/site-packages'
[5.898s] Level 1:colcon.colcon_core.shell:create_environment_hook('my_robot_controller', 'pythonpath')
[5.898s] INFO:colcon.colcon_core.shell:Creating environment hook '/home/antonyf/ros2_ws/install/my_robot_controller/share/my_robot_controller/hook/pythonpath.ps1'
[5.900s] INFO:colcon.colcon_core.shell:Creating environment descriptor '/home/antonyf/ros2_ws/install/my_robot_controller/share/my_robot_controller/hook/pythonpath.dsv'
[5.901s] INFO:colcon.colcon_core.shell:Creating environment hook '/home/antonyf/ros2_ws/install/my_robot_controller/share/my_robot_controller/hook/pythonpath.sh'
[5.902s] Level 1:colcon.colcon_core.environment:checking '/home/antonyf/ros2_ws/install/my_robot_controller/bin'
[5.902s] Level 1:colcon.colcon_core.environment:create_environment_scripts_only(my_robot_controller)
[5.903s] INFO:colcon.colcon_core.shell:Creating package script '/home/antonyf/ros2_ws/install/my_robot_controller/share/my_robot_controller/package.ps1'
[5.906s] INFO:colcon.colcon_core.shell:Creating package descriptor '/home/antonyf/ros2_ws/install/my_robot_controller/share/my_robot_controller/package.dsv'
[5.908s] INFO:colcon.colcon_core.shell:Creating package script '/home/antonyf/ros2_ws/install/my_robot_controller/share/my_robot_controller/package.sh'
[5.911s] INFO:colcon.colcon_core.shell:Creating package script '/home/antonyf/ros2_ws/install/my_robot_controller/share/my_robot_controller/package.bash'
[5.914s] INFO:colcon.colcon_core.shell:Creating package script '/home/antonyf/ros2_ws/install/my_robot_controller/share/my_robot_controller/package.zsh'
[5.916s] Level 1:colcon.colcon_core.environment:create_file_with_runtime_dependencies(/home/antonyf/ros2_ws/install/my_robot_controller/share/colcon-core/packages/my_robot_controller)
[5.921s] Level 1:colcon.colcon_core.environment:checking '/home/antonyf/ros2_ws/install/my_rc_car' for CMake module files
[5.923s] Level 1:colcon.colcon_core.environment:checking '/home/antonyf/ros2_ws/install/my_rc_car' for CMake config files
[5.924s] DEBUG:colcon.colcon_core.event_handler.log_command:Invoked command in '/home/antonyf/ros2_ws/src/my_rc_car' returned '0': PYTHONPATH=/home/antonyf/ros2_ws/build/my_rc_car/prefix_override:/usr/lib/python3/dist-packages/colcon_core/task/python/colcon_distutils_commands:/home/antonyf/ros2_ws/install/my_rc_car/lib/python3.10/site-packages:${PYTHONPATH} /usr/bin/python3 -W ignore:setup.py install is deprecated -W ignore:easy_install command is deprecated setup.py egg_info --egg-base ../../build/my_rc_car build --build-base /home/antonyf/ros2_ws/build/my_rc_car/build install --record /home/antonyf/ros2_ws/build/my_rc_car/install.log --single-version-externally-managed install_data
[5.929s] Level 1:colcon.colcon_core.environment:checking '/home/antonyf/ros2_ws/install/my_rc_car/lib'
[5.929s] Level 1:colcon.colcon_core.environment:checking '/home/antonyf/ros2_ws/install/my_rc_car/bin'
[5.929s] Level 1:colcon.colcon_core.environment:checking '/home/antonyf/ros2_ws/install/my_rc_car/lib/pkgconfig/my_rc_car.pc'
[5.930s] Level 1:colcon.colcon_core.environment:checking '/home/antonyf/ros2_ws/install/my_rc_car/lib/python3.10/site-packages'
[5.930s] Level 1:colcon.colcon_core.shell:create_environment_hook('my_rc_car', 'pythonpath')
[5.930s] INFO:colcon.colcon_core.shell:Creating environment hook '/home/antonyf/ros2_ws/install/my_rc_car/share/my_rc_car/hook/pythonpath.ps1'
[5.931s] INFO:colcon.colcon_core.shell:Creating environment descriptor '/home/antonyf/ros2_ws/install/my_rc_car/share/my_rc_car/hook/pythonpath.dsv'
[5.932s] INFO:colcon.colcon_core.shell:Creating environment hook '/home/antonyf/ros2_ws/install/my_rc_car/share/my_rc_car/hook/pythonpath.sh'
[5.934s] Level 1:colcon.colcon_core.environment:checking '/home/antonyf/ros2_ws/install/my_rc_car/bin'
[5.934s] Level 1:colcon.colcon_core.environment:create_environment_scripts_only(my_rc_car)
[5.935s] INFO:colcon.colcon_core.shell:Creating package script '/home/antonyf/ros2_ws/install/my_rc_car/share/my_rc_car/package.ps1'
[5.937s] INFO:colcon.colcon_core.shell:Creating package descriptor '/home/antonyf/ros2_ws/install/my_rc_car/share/my_rc_car/package.dsv'
[5.938s] INFO:colcon.colcon_core.shell:Creating package script '/home/antonyf/ros2_ws/install/my_rc_car/share/my_rc_car/package.sh'
[5.939s] INFO:colcon.colcon_core.shell:Creating package script '/home/antonyf/ros2_ws/install/my_rc_car/share/my_rc_car/package.bash'
[5.941s] INFO:colcon.colcon_core.shell:Creating package script '/home/antonyf/ros2_ws/install/my_rc_car/share/my_rc_car/package.zsh'
[5.942s] Level 1:colcon.colcon_core.environment:create_file_with_runtime_dependencies(/home/antonyf/ros2_ws/install/my_rc_car/share/colcon-core/packages/my_rc_car)
[5.943s] DEBUG:colcon.colcon_parallel_executor.executor.parallel:closing loop
[5.945s] DEBUG:colcon.colcon_parallel_executor.executor.parallel:loop closed
[5.945s] DEBUG:colcon.colcon_parallel_executor.executor.parallel:run_until_complete finished with '0'
[5.946s] DEBUG:colcon.colcon_core.event_reactor:joining thread
[6.146s] INFO:colcon.colcon_core.plugin_system:Skipping extension 'colcon_notification.desktop_notification.notify_send': Could not find 'notify-send'
[6.146s] INFO:colcon.colcon_core.plugin_system:Skipping extension 'colcon_notification.desktop_notification.terminal_notifier': Not used on non-Darwin systems
[6.147s] INFO:colcon.colcon_core.plugin_system:Skipping extension 'colcon_notification.desktop_notification.win32': Not used on non-Windows systems
[6.147s] INFO:colcon.colcon_notification.desktop_notification:Sending desktop notification using 'notify2'
[6.183s] DEBUG:colcon.colcon_notification.desktop_notification.notify2:Failed to initialize notify2: org.freedesktop.DBus.Error.ServiceUnknown: The name org.freedesktop.Notifications was not provided by any .service files
[6.184s] DEBUG:colcon.colcon_core.event_reactor:joined thread
[6.185s] INFO:colcon.colcon_core.shell:Creating prefix script '/home/antonyf/ros2_ws/install/local_setup.ps1'
[6.188s] INFO:colcon.colcon_core.shell:Creating prefix util module '/home/antonyf/ros2_ws/install/_local_setup_util_ps1.py'
[6.192s] INFO:colcon.colcon_core.shell:Creating prefix chain script '/home/antonyf/ros2_ws/install/setup.ps1'
[6.195s] INFO:colcon.colcon_core.shell:Creating prefix script '/home/antonyf/ros2_ws/install/local_setup.sh'
[6.197s] INFO:colcon.colcon_core.shell:Creating prefix util module '/home/antonyf/ros2_ws/install/_local_setup_util_sh.py'
[6.198s] INFO:colcon.colcon_core.shell:Creating prefix chain script '/home/antonyf/ros2_ws/install/setup.sh'
[6.201s] INFO:colcon.colcon_core.shell:Creating prefix script '/home/antonyf/ros2_ws/install/local_setup.bash'
[6.203s] INFO:colcon.colcon_core.shell:Creating prefix chain script '/home/antonyf/ros2_ws/install/setup.bash'
[6.205s] INFO:colcon.colcon_core.shell:Creating prefix script '/home/antonyf/ros2_ws/install/local_setup.zsh'
[6.207s] INFO:colcon.colcon_core.shell:Creating prefix chain script '/home/antonyf/ros2_ws/install/setup.zsh'
