[3.859s] Invoking command in '/home/antonyf/ros2_ws/src/my_rc_car': PYTHONPATH=/home/antonyf/ros2_ws/build/my_rc_car/prefix_override:/usr/lib/python3/dist-packages/colcon_core/task/python/colcon_distutils_commands:/home/antonyf/ros2_ws/install/my_rc_car/lib/python3.10/site-packages:${PYTHONPATH} /usr/bin/python3 -W ignore:setup.py install is deprecated -W ignore:easy_install command is deprecated setup.py egg_info --egg-base ../../build/my_rc_car build --build-base /home/antonyf/ros2_ws/build/my_rc_car/build install --record /home/antonyf/ros2_ws/build/my_rc_car/install.log --single-version-externally-managed install_data
[4.501s] running egg_info
[4.501s] writing ../../build/my_rc_car/my_rc_car.egg-info/PKG-INFO
[4.504s] writing dependency_links to ../../build/my_rc_car/my_rc_car.egg-info/dependency_links.txt
[4.505s] writing entry points to ../../build/my_rc_car/my_rc_car.egg-info/entry_points.txt
[4.506s] writing requirements to ../../build/my_rc_car/my_rc_car.egg-info/requires.txt
[4.507s] writing top-level names to ../../build/my_rc_car/my_rc_car.egg-info/top_level.txt
[4.511s] reading manifest file '../../build/my_rc_car/my_rc_car.egg-info/SOURCES.txt'
[4.513s] writing manifest file '../../build/my_rc_car/my_rc_car.egg-info/SOURCES.txt'
[4.514s] running build
[4.514s] running build_py
[4.515s] copying my_rc_car/drive_control_canbus.py -> /home/antonyf/ros2_ws/build/my_rc_car/build/lib/my_rc_car
[4.518s] running install
[4.519s] running install_lib
[4.522s] copying /home/antonyf/ros2_ws/build/my_rc_car/build/lib/my_rc_car/drive_control_canbus.py -> /home/antonyf/ros2_ws/install/my_rc_car/lib/python3.10/site-packages/my_rc_car
[4.524s] byte-compiling /home/antonyf/ros2_ws/install/my_rc_car/lib/python3.10/site-packages/my_rc_car/drive_control_canbus.py to drive_control_canbus.cpython-310.pyc
[4.531s] running install_data
[4.533s] running install_egg_info
[4.537s] removing '/home/antonyf/ros2_ws/install/my_rc_car/lib/python3.10/site-packages/my_rc_car-0.0.1-py3.10.egg-info' (and everything under it)
[4.539s] Copying ../../build/my_rc_car/my_rc_car.egg-info to /home/antonyf/ros2_ws/install/my_rc_car/lib/python3.10/site-packages/my_rc_car-0.0.1-py3.10.egg-info
[4.544s] running install_scripts
[4.604s] Installing drive_control_canbus script to /home/antonyf/ros2_ws/install/my_rc_car/lib/my_rc_car
[4.608s] Installing rc_controller script to /home/antonyf/ros2_ws/install/my_rc_car/lib/my_rc_car
[4.609s] writing list of installed files to '/home/antonyf/ros2_ws/build/my_rc_car/install.log'
[4.700s] Invoked command in '/home/antonyf/ros2_ws/src/my_rc_car' returned '0': PYTHONPATH=/home/antonyf/ros2_ws/build/my_rc_car/prefix_override:/usr/lib/python3/dist-packages/colcon_core/task/python/colcon_distutils_commands:/home/antonyf/ros2_ws/install/my_rc_car/lib/python3.10/site-packages:${PYTHONPATH} /usr/bin/python3 -W ignore:setup.py install is deprecated -W ignore:easy_install command is deprecated setup.py egg_info --egg-base ../../build/my_rc_car build --build-base /home/antonyf/ros2_ws/build/my_rc_car/build install --record /home/antonyf/ros2_ws/build/my_rc_car/install.log --single-version-externally-managed install_data
