[2.254s] Invoking command in '/home/antonyf/ros2_ws/src/my_rc_car': PYTHONPATH=/home/antonyf/ros2_ws/build/my_rc_car/prefix_override:/usr/lib/python3/dist-packages/colcon_core/task/python/colcon_distutils_commands:/home/antonyf/ros2_ws/install/my_rc_car/lib/python3.10/site-packages:${PYTHONPATH} /usr/bin/python3 -W ignore:setup.py install is deprecated -W ignore:easy_install command is deprecated setup.py egg_info --egg-base ../../build/my_rc_car build --build-base /home/antonyf/ros2_ws/build/my_rc_car/build install --record /home/antonyf/ros2_ws/build/my_rc_car/install.log --single-version-externally-managed install_data
[2.807s] running egg_info
[2.809s] writing ../../build/my_rc_car/my_rc_car.egg-info/PKG-INFO
[2.812s] writing dependency_links to ../../build/my_rc_car/my_rc_car.egg-info/dependency_links.txt
[2.813s] writing entry points to ../../build/my_rc_car/my_rc_car.egg-info/entry_points.txt
[2.814s] writing requirements to ../../build/my_rc_car/my_rc_car.egg-info/requires.txt
[2.815s] writing top-level names to ../../build/my_rc_car/my_rc_car.egg-info/top_level.txt
[2.822s] reading manifest file '../../build/my_rc_car/my_rc_car.egg-info/SOURCES.txt'
[2.824s] writing manifest file '../../build/my_rc_car/my_rc_car.egg-info/SOURCES.txt'
[2.825s] running build
[2.825s] running build_py
[2.826s] copying my_rc_car/drive_control_canbus.py -> /home/antonyf/ros2_ws/build/my_rc_car/build/lib/my_rc_car
[2.828s] running install
[2.829s] running install_lib
[2.831s] copying /home/antonyf/ros2_ws/build/my_rc_car/build/lib/my_rc_car/drive_control_canbus.py -> /home/antonyf/ros2_ws/install/my_rc_car/lib/python3.10/site-packages/my_rc_car
[2.833s] byte-compiling /home/antonyf/ros2_ws/install/my_rc_car/lib/python3.10/site-packages/my_rc_car/drive_control_canbus.py to drive_control_canbus.cpython-310.pyc
[2.837s] running install_data
[2.838s] running install_egg_info
[2.843s] removing '/home/antonyf/ros2_ws/install/my_rc_car/lib/python3.10/site-packages/my_rc_car-0.0.1-py3.10.egg-info' (and everything under it)
[2.846s] Copying ../../build/my_rc_car/my_rc_car.egg-info to /home/antonyf/ros2_ws/install/my_rc_car/lib/python3.10/site-packages/my_rc_car-0.0.1-py3.10.egg-info
[2.851s] running install_scripts
[2.903s] Installing drive_control_canbus script to /home/antonyf/ros2_ws/install/my_rc_car/lib/my_rc_car
[2.905s] Installing rc_controller script to /home/antonyf/ros2_ws/install/my_rc_car/lib/my_rc_car
[2.907s] writing list of installed files to '/home/antonyf/ros2_ws/build/my_rc_car/install.log'
[2.960s] Invoked command in '/home/antonyf/ros2_ws/src/my_rc_car' returned '0': PYTHONPATH=/home/antonyf/ros2_ws/build/my_rc_car/prefix_override:/usr/lib/python3/dist-packages/colcon_core/task/python/colcon_distutils_commands:/home/antonyf/ros2_ws/install/my_rc_car/lib/python3.10/site-packages:${PYTHONPATH} /usr/bin/python3 -W ignore:setup.py install is deprecated -W ignore:easy_install command is deprecated setup.py egg_info --egg-base ../../build/my_rc_car build --build-base /home/antonyf/ros2_ws/build/my_rc_car/build install --record /home/antonyf/ros2_ws/build/my_rc_car/install.log --single-version-externally-managed install_data
