[2.729s] Invoking command in '/home/antonyf/ros2_ws/src/my_robot_controller': PYTHONPATH=/home/antonyf/ros2_ws/build/my_robot_controller/prefix_override:/usr/lib/python3/dist-packages/colcon_core/task/python/colcon_distutils_commands:/home/antonyf/ros2_ws/install/my_robot_controller/lib/python3.10/site-packages:${PYTHONPATH} /usr/bin/python3 -W ignore:setup.py install is deprecated -W ignore:easy_install command is deprecated setup.py egg_info --egg-base ../../build/my_robot_controller build --build-base /home/antonyf/ros2_ws/build/my_robot_controller/build install --record /home/antonyf/ros2_ws/build/my_robot_controller/install.log --single-version-externally-managed install_data
[3.362s] running egg_info
[3.363s] writing ../../build/my_robot_controller/my_robot_controller.egg-info/PKG-INFO
[3.365s] writing dependency_links to ../../build/my_robot_controller/my_robot_controller.egg-info/dependency_links.txt
[3.366s] writing entry points to ../../build/my_robot_controller/my_robot_controller.egg-info/entry_points.txt
[3.367s] writing requirements to ../../build/my_robot_controller/my_robot_controller.egg-info/requires.txt
[3.367s] writing top-level names to ../../build/my_robot_controller/my_robot_controller.egg-info/top_level.txt
[3.371s] reading manifest file '../../build/my_robot_controller/my_robot_controller.egg-info/SOURCES.txt'
[3.374s] writing manifest file '../../build/my_robot_controller/my_robot_controller.egg-info/SOURCES.txt'
[3.374s] running build
[3.374s] running build_py
[3.377s] copying my_robot_controller/turtle_controller.py -> /home/antonyf/ros2_ws/build/my_robot_controller/build/lib/my_robot_controller
[3.379s] running install
[3.379s] running install_lib
[3.382s] copying /home/antonyf/ros2_ws/build/my_robot_controller/build/lib/my_robot_controller/turtle_controller.py -> /home/antonyf/ros2_ws/install/my_robot_controller/lib/python3.10/site-packages/my_robot_controller
[3.385s] byte-compiling /home/antonyf/ros2_ws/install/my_robot_controller/lib/python3.10/site-packages/my_robot_controller/turtle_controller.py to turtle_controller.cpython-310.pyc
[3.387s] running install_data
[3.388s] running install_egg_info
[3.392s] removing '/home/antonyf/ros2_ws/install/my_robot_controller/lib/python3.10/site-packages/my_robot_controller-0.0.0-py3.10.egg-info' (and everything under it)
[3.395s] Copying ../../build/my_robot_controller/my_robot_controller.egg-info to /home/antonyf/ros2_ws/install/my_robot_controller/lib/python3.10/site-packages/my_robot_controller-0.0.0-py3.10.egg-info
[3.399s] running install_scripts
[3.443s] Installing draw_cicle script to /home/antonyf/ros2_ws/install/my_robot_controller/lib/my_robot_controller
[3.444s] Installing pose_subscriber script to /home/antonyf/ros2_ws/install/my_robot_controller/lib/my_robot_controller
[3.445s] Installing test_node script to /home/antonyf/ros2_ws/install/my_robot_controller/lib/my_robot_controller
[3.445s] Installing turtle_controller script to /home/antonyf/ros2_ws/install/my_robot_controller/lib/my_robot_controller
[3.446s] writing list of installed files to '/home/antonyf/ros2_ws/build/my_robot_controller/install.log'
