[2.787s] Invoking command in '/home/antonyf/ros2_ws/src/my_rc_car': PYTHONPATH=/home/antonyf/ros2_ws/build/my_rc_car/prefix_override:/usr/lib/python3/dist-packages/colcon_core/task/python/colcon_distutils_commands:/home/antonyf/ros2_ws/install/my_rc_car/lib/python3.10/site-packages:${PYTHONPATH} /usr/bin/python3 -W ignore:setup.py install is deprecated -W ignore:easy_install command is deprecated setup.py egg_info --egg-base ../../build/my_rc_car build --build-base /home/antonyf/ros2_ws/build/my_rc_car/build install --record /home/antonyf/ros2_ws/build/my_rc_car/install.log --single-version-externally-managed install_data
[3.449s] running egg_info
[3.451s] writing ../../build/my_rc_car/my_rc_car.egg-info/PKG-INFO
[3.452s] writing dependency_links to ../../build/my_rc_car/my_rc_car.egg-info/dependency_links.txt
[3.454s] writing entry points to ../../build/my_rc_car/my_rc_car.egg-info/entry_points.txt
[3.454s] writing requirements to ../../build/my_rc_car/my_rc_car.egg-info/requires.txt
[3.455s] writing top-level names to ../../build/my_rc_car/my_rc_car.egg-info/top_level.txt
[3.461s] reading manifest file '../../build/my_rc_car/my_rc_car.egg-info/SOURCES.txt'
[3.464s] writing manifest file '../../build/my_rc_car/my_rc_car.egg-info/SOURCES.txt'
[3.464s] running build
[3.464s] running build_py
[3.465s] running install
[3.466s] running install_lib
[3.470s] running install_data
[3.471s] running install_egg_info
[3.475s] removing '/home/antonyf/ros2_ws/install/my_rc_car/lib/python3.10/site-packages/my_rc_car-0.0.1-py3.10.egg-info' (and everything under it)
[3.477s] Copying ../../build/my_rc_car/my_rc_car.egg-info to /home/antonyf/ros2_ws/install/my_rc_car/lib/python3.10/site-packages/my_rc_car-0.0.1-py3.10.egg-info
[3.484s] running install_scripts
[3.540s] Installing drive_control_canbus script to /home/antonyf/ros2_ws/install/my_rc_car/lib/my_rc_car
[3.541s] Installing rc_controller script to /home/antonyf/ros2_ws/install/my_rc_car/lib/my_rc_car
[3.542s] writing list of installed files to '/home/antonyf/ros2_ws/build/my_rc_car/install.log'
[3.604s] Invoked command in '/home/antonyf/ros2_ws/src/my_rc_car' returned '0': PYTHONPATH=/home/antonyf/ros2_ws/build/my_rc_car/prefix_override:/usr/lib/python3/dist-packages/colcon_core/task/python/colcon_distutils_commands:/home/antonyf/ros2_ws/install/my_rc_car/lib/python3.10/site-packages:${PYTHONPATH} /usr/bin/python3 -W ignore:setup.py install is deprecated -W ignore:easy_install command is deprecated setup.py egg_info --egg-base ../../build/my_rc_car build --build-base /home/antonyf/ros2_ws/build/my_rc_car/build install --record /home/antonyf/ros2_ws/build/my_rc_car/install.log --single-version-externally-managed install_data
