[2.092s] Invoking command in '/home/antonyf/ros2_ws/src/my_robot_controller': PYTHONPATH=/home/antonyf/ros2_ws/build/my_robot_controller/prefix_override:/usr/lib/python3/dist-packages/colcon_core/task/python/colcon_distutils_commands:/home/antonyf/ros2_ws/install/my_robot_controller/lib/python3.10/site-packages:${PYTHONPATH} /usr/bin/python3 -W ignore:setup.py install is deprecated -W ignore:easy_install command is deprecated setup.py egg_info --egg-base ../../build/my_robot_controller build --build-base /home/antonyf/ros2_ws/build/my_robot_controller/build install --record /home/antonyf/ros2_ws/build/my_robot_controller/install.log --single-version-externally-managed install_data
[2.789s] running egg_info
[2.790s] writing ../../build/my_robot_controller/my_robot_controller.egg-info/PKG-INFO
[2.791s] writing dependency_links to ../../build/my_robot_controller/my_robot_controller.egg-info/dependency_links.txt
[2.792s] writing entry points to ../../build/my_robot_controller/my_robot_controller.egg-info/entry_points.txt
[2.792s] writing requirements to ../../build/my_robot_controller/my_robot_controller.egg-info/requires.txt
[2.793s] writing top-level names to ../../build/my_robot_controller/my_robot_controller.egg-info/top_level.txt
[2.798s] reading manifest file '../../build/my_robot_controller/my_robot_controller.egg-info/SOURCES.txt'
[2.801s] writing manifest file '../../build/my_robot_controller/my_robot_controller.egg-info/SOURCES.txt'
[2.801s] running build
[2.801s] running build_py
[2.802s] running install
[2.803s] running install_lib
[2.806s] running install_data
[2.807s] running install_egg_info
[2.810s] removing '/home/antonyf/ros2_ws/install/my_robot_controller/lib/python3.10/site-packages/my_robot_controller-0.0.0-py3.10.egg-info' (and everything under it)
[2.812s] Copying ../../build/my_robot_controller/my_robot_controller.egg-info to /home/antonyf/ros2_ws/install/my_robot_controller/lib/python3.10/site-packages/my_robot_controller-0.0.0-py3.10.egg-info
[2.817s] running install_scripts
[2.876s] Installing draw_cicle script to /home/antonyf/ros2_ws/install/my_robot_controller/lib/my_robot_controller
[2.877s] Installing pose_subscriber script to /home/antonyf/ros2_ws/install/my_robot_controller/lib/my_robot_controller
[2.877s] Installing test_node script to /home/antonyf/ros2_ws/install/my_robot_controller/lib/my_robot_controller
[2.878s] Installing turtle_controller script to /home/antonyf/ros2_ws/install/my_robot_controller/lib/my_robot_controller
[2.879s] writing list of installed files to '/home/antonyf/ros2_ws/build/my_robot_controller/install.log'
[2.940s] Invoked command in '/home/antonyf/ros2_ws/src/my_robot_controller' returned '0': PYTHONPATH=/home/antonyf/ros2_ws/build/my_robot_controller/prefix_override:/usr/lib/python3/dist-packages/colcon_core/task/python/colcon_distutils_commands:/home/antonyf/ros2_ws/install/my_robot_controller/lib/python3.10/site-packages:${PYTHONPATH} /usr/bin/python3 -W ignore:setup.py install is deprecated -W ignore:easy_install command is deprecated setup.py egg_info --egg-base ../../build/my_robot_controller build --build-base /home/antonyf/ros2_ws/build/my_robot_controller/build install --record /home/antonyf/ros2_ws/build/my_robot_controller/install.log --single-version-externally-managed install_data
