running egg_info
writing ../../build/my_rc_car/my_rc_car.egg-info/PKG-INFO
writing dependency_links to ../../build/my_rc_car/my_rc_car.egg-info/dependency_links.txt
writing entry points to ../../build/my_rc_car/my_rc_car.egg-info/entry_points.txt
writing requirements to ../../build/my_rc_car/my_rc_car.egg-info/requires.txt
writing top-level names to ../../build/my_rc_car/my_rc_car.egg-info/top_level.txt
reading manifest file '../../build/my_rc_car/my_rc_car.egg-info/SOURCES.txt'
writing manifest file '../../build/my_rc_car/my_rc_car.egg-info/SOURCES.txt'
running build
running build_py
copying my_rc_car/rc_controller.py -> /home/antonyf/ros2_ws/build/my_rc_car/build/lib/my_rc_car
running install
running install_lib
copying /home/antonyf/ros2_ws/build/my_rc_car/build/lib/my_rc_car/rc_controller.py -> /home/antonyf/ros2_ws/install/my_rc_car/lib/python3.10/site-packages/my_rc_car
byte-compiling /home/antonyf/ros2_ws/install/my_rc_car/lib/python3.10/site-packages/my_rc_car/rc_controller.py to rc_controller.cpython-310.pyc
running install_data
running install_egg_info
removing '/home/antonyf/ros2_ws/install/my_rc_car/lib/python3.10/site-packages/my_rc_car-0.0.1-py3.10.egg-info' (and everything under it)
Copying ../../build/my_rc_car/my_rc_car.egg-info to /home/antonyf/ros2_ws/install/my_rc_car/lib/python3.10/site-packages/my_rc_car-0.0.1-py3.10.egg-info
running install_scripts
Installing drive_control_canbus script to /home/antonyf/ros2_ws/install/my_rc_car/lib/my_rc_car
Installing rc_controller script to /home/antonyf/ros2_ws/install/my_rc_car/lib/my_rc_car
writing list of installed files to '/home/antonyf/ros2_ws/build/my_rc_car/install.log'
