[1.982s] Invoking command in '/home/antonyf/ros2_ws/src/my_robot_controller': PYTHONPATH=/home/antonyf/ros2_ws/build/my_robot_controller/prefix_override:/usr/lib/python3/dist-packages/colcon_core/task/python/colcon_distutils_commands:/home/antonyf/ros2_ws/install/my_robot_controller/lib/python3.10/site-packages:${PYTHONPATH} /usr/bin/python3 -W ignore:setup.py install is deprecated -W ignore:easy_install command is deprecated setup.py egg_info --egg-base ../../build/my_robot_controller build --build-base /home/antonyf/ros2_ws/build/my_robot_controller/build install --record /home/antonyf/ros2_ws/build/my_robot_controller/install.log --single-version-externally-managed install_data
[2.529s] running egg_info
[2.530s] writing ../../build/my_robot_controller/my_robot_controller.egg-info/PKG-INFO
[2.531s] writing dependency_links to ../../build/my_robot_controller/my_robot_controller.egg-info/dependency_links.txt
[2.532s] writing entry points to ../../build/my_robot_controller/my_robot_controller.egg-info/entry_points.txt
[2.532s] writing requirements to ../../build/my_robot_controller/my_robot_controller.egg-info/requires.txt
[2.533s] writing top-level names to ../../build/my_robot_controller/my_robot_controller.egg-info/top_level.txt
[2.536s] reading manifest file '../../build/my_robot_controller/my_robot_controller.egg-info/SOURCES.txt'
[2.538s] writing manifest file '../../build/my_robot_controller/my_robot_controller.egg-info/SOURCES.txt'
[2.538s] running build
[2.539s] running build_py
[2.540s] running install
[2.540s] running install_lib
[2.544s] running install_data
[2.544s] running install_egg_info
[2.548s] removing '/home/antonyf/ros2_ws/install/my_robot_controller/lib/python3.10/site-packages/my_robot_controller-0.0.0-py3.10.egg-info' (and everything under it)
[2.550s] Copying ../../build/my_robot_controller/my_robot_controller.egg-info to /home/antonyf/ros2_ws/install/my_robot_controller/lib/python3.10/site-packages/my_robot_controller-0.0.0-py3.10.egg-info
[2.556s] running install_scripts
[2.606s] Installing draw_cicle script to /home/antonyf/ros2_ws/install/my_robot_controller/lib/my_robot_controller
[2.607s] Installing pose_subscriber script to /home/antonyf/ros2_ws/install/my_robot_controller/lib/my_robot_controller
[2.607s] Installing test_node script to /home/antonyf/ros2_ws/install/my_robot_controller/lib/my_robot_controller
[2.608s] Installing turtle_controller script to /home/antonyf/ros2_ws/install/my_robot_controller/lib/my_robot_controller
[2.609s] writing list of installed files to '/home/antonyf/ros2_ws/build/my_robot_controller/install.log'
