[2.339s] Invoking command in '/home/antonyf/ros2_ws/src/my_robot_controller': PYTHONPATH=/home/antonyf/ros2_ws/build/my_robot_controller/prefix_override:/usr/lib/python3/dist-packages/colcon_core/task/python/colcon_distutils_commands:/home/antonyf/ros2_ws/install/my_robot_controller/lib/python3.10/site-packages:${PYTHONPATH} /usr/bin/python3 -W ignore:setup.py install is deprecated -W ignore:easy_install command is deprecated setup.py egg_info --egg-base ../../build/my_robot_controller build --build-base /home/antonyf/ros2_ws/build/my_robot_controller/build install --record /home/antonyf/ros2_ws/build/my_robot_controller/install.log --single-version-externally-managed install_data
[2.984s] running egg_info
[2.986s] writing ../../build/my_robot_controller/my_robot_controller.egg-info/PKG-INFO
[2.987s] writing dependency_links to ../../build/my_robot_controller/my_robot_controller.egg-info/dependency_links.txt
[2.988s] writing entry points to ../../build/my_robot_controller/my_robot_controller.egg-info/entry_points.txt
[2.989s] writing requirements to ../../build/my_robot_controller/my_robot_controller.egg-info/requires.txt
[2.989s] writing top-level names to ../../build/my_robot_controller/my_robot_controller.egg-info/top_level.txt
[2.994s] reading manifest file '../../build/my_robot_controller/my_robot_controller.egg-info/SOURCES.txt'
[2.996s] writing manifest file '../../build/my_robot_controller/my_robot_controller.egg-info/SOURCES.txt'
[2.996s] running build
[2.996s] running build_py
[2.998s] running install
[2.998s] running install_lib
[3.002s] running install_data
[3.002s] running install_egg_info
[3.006s] removing '/home/antonyf/ros2_ws/install/my_robot_controller/lib/python3.10/site-packages/my_robot_controller-0.0.0-py3.10.egg-info' (and everything under it)
[3.008s] Copying ../../build/my_robot_controller/my_robot_controller.egg-info to /home/antonyf/ros2_ws/install/my_robot_controller/lib/python3.10/site-packages/my_robot_controller-0.0.0-py3.10.egg-info
[3.012s] running install_scripts
[3.058s] Installing draw_cicle script to /home/antonyf/ros2_ws/install/my_robot_controller/lib/my_robot_controller
[3.059s] Installing pose_subscriber script to /home/antonyf/ros2_ws/install/my_robot_controller/lib/my_robot_controller
[3.060s] Installing test_node script to /home/antonyf/ros2_ws/install/my_robot_controller/lib/my_robot_controller
[3.060s] Installing turtle_controller script to /home/antonyf/ros2_ws/install/my_robot_controller/lib/my_robot_controller
[3.061s] writing list of installed files to '/home/antonyf/ros2_ws/build/my_robot_controller/install.log'
[3.111s] Invoked command in '/home/antonyf/ros2_ws/src/my_robot_controller' returned '0': PYTHONPATH=/home/antonyf/ros2_ws/build/my_robot_controller/prefix_override:/usr/lib/python3/dist-packages/colcon_core/task/python/colcon_distutils_commands:/home/antonyf/ros2_ws/install/my_robot_controller/lib/python3.10/site-packages:${PYTHONPATH} /usr/bin/python3 -W ignore:setup.py install is deprecated -W ignore:easy_install command is deprecated setup.py egg_info --egg-base ../../build/my_robot_controller build --build-base /home/antonyf/ros2_ws/build/my_robot_controller/build install --record /home/antonyf/ros2_ws/build/my_robot_controller/install.log --single-version-externally-managed install_data
