running egg_info
creating ../../build/my_rc_car/my_rc_car.egg-info
writing ../../build/my_rc_car/my_rc_car.egg-info/PKG-INFO
writing dependency_links to ../../build/my_rc_car/my_rc_car.egg-info/dependency_links.txt
writing entry points to ../../build/my_rc_car/my_rc_car.egg-info/entry_points.txt
writing requirements to ../../build/my_rc_car/my_rc_car.egg-info/requires.txt
writing top-level names to ../../build/my_rc_car/my_rc_car.egg-info/top_level.txt
writing manifest file '../../build/my_rc_car/my_rc_car.egg-info/SOURCES.txt'
reading manifest file '../../build/my_rc_car/my_rc_car.egg-info/SOURCES.txt'
writing manifest file '../../build/my_rc_car/my_rc_car.egg-info/SOURCES.txt'
running build
running build_py
creating /home/antonyf/ros2_ws/build/my_rc_car/build
creating /home/antonyf/ros2_ws/build/my_rc_car/build/lib
creating /home/antonyf/ros2_ws/build/my_rc_car/build/lib/my_rc_car
copying my_rc_car/__init__.py -> /home/antonyf/ros2_ws/build/my_rc_car/build/lib/my_rc_car
running install
running install_lib
creating /home/antonyf/ros2_ws/install/my_rc_car/lib/python3.10/site-packages/my_rc_car
copying /home/antonyf/ros2_ws/build/my_rc_car/build/lib/my_rc_car/__init__.py -> /home/antonyf/ros2_ws/install/my_rc_car/lib/python3.10/site-packages/my_rc_car
byte-compiling /home/antonyf/ros2_ws/install/my_rc_car/lib/python3.10/site-packages/my_rc_car/__init__.py to __init__.cpython-310.pyc
running install_data
creating /home/antonyf/ros2_ws/install/my_rc_car/share/ament_index
creating /home/antonyf/ros2_ws/install/my_rc_car/share/ament_index/resource_index
creating /home/antonyf/ros2_ws/install/my_rc_car/share/ament_index/resource_index/packages
copying resource/my_rc_car -> /home/antonyf/ros2_ws/install/my_rc_car/share/ament_index/resource_index/packages
copying package.xml -> /home/antonyf/ros2_ws/install/my_rc_car/share/my_rc_car
running install_egg_info
Copying ../../build/my_rc_car/my_rc_car.egg-info to /home/antonyf/ros2_ws/install/my_rc_car/lib/python3.10/site-packages/my_rc_car-0.0.0-py3.10.egg-info
running install_scripts
writing list of installed files to '/home/antonyf/ros2_ws/build/my_rc_car/install.log'
