[1.802s] Invoking command in '/home/antonyf/ros2_ws/src/my_rc_car': PYTHONPATH=/home/antonyf/ros2_ws/build/my_rc_car/prefix_override:/usr/lib/python3/dist-packages/colcon_core/task/python/colcon_distutils_commands:/home/antonyf/ros2_ws/install/my_rc_car/lib/python3.10/site-packages:${PYTHONPATH} /usr/bin/python3 -W ignore:setup.py install is deprecated -W ignore:easy_install command is deprecated setup.py egg_info --egg-base ../../build/my_rc_car build --build-base /home/antonyf/ros2_ws/build/my_rc_car/build install --record /home/antonyf/ros2_ws/build/my_rc_car/install.log --single-version-externally-managed install_data
[2.278s] running egg_info
[2.279s] creating ../../build/my_rc_car/my_rc_car.egg-info
[2.281s] writing ../../build/my_rc_car/my_rc_car.egg-info/PKG-INFO
[2.282s] writing dependency_links to ../../build/my_rc_car/my_rc_car.egg-info/dependency_links.txt
[2.282s] writing entry points to ../../build/my_rc_car/my_rc_car.egg-info/entry_points.txt
[2.282s] writing requirements to ../../build/my_rc_car/my_rc_car.egg-info/requires.txt
[2.283s] writing top-level names to ../../build/my_rc_car/my_rc_car.egg-info/top_level.txt
[2.285s] writing manifest file '../../build/my_rc_car/my_rc_car.egg-info/SOURCES.txt'
[2.289s] reading manifest file '../../build/my_rc_car/my_rc_car.egg-info/SOURCES.txt'
[2.290s] writing manifest file '../../build/my_rc_car/my_rc_car.egg-info/SOURCES.txt'
[2.291s] running build
[2.291s] running build_py
[2.292s] creating /home/antonyf/ros2_ws/build/my_rc_car/build
[2.293s] creating /home/antonyf/ros2_ws/build/my_rc_car/build/lib
[2.294s] creating /home/antonyf/ros2_ws/build/my_rc_car/build/lib/my_rc_car
[2.295s] copying my_rc_car/__init__.py -> /home/antonyf/ros2_ws/build/my_rc_car/build/lib/my_rc_car
[2.298s] running install
[2.298s] running install_lib
[2.299s] creating /home/antonyf/ros2_ws/install/my_rc_car/lib/python3.10/site-packages/my_rc_car
[2.300s] copying /home/antonyf/ros2_ws/build/my_rc_car/build/lib/my_rc_car/__init__.py -> /home/antonyf/ros2_ws/install/my_rc_car/lib/python3.10/site-packages/my_rc_car
[2.301s] byte-compiling /home/antonyf/ros2_ws/install/my_rc_car/lib/python3.10/site-packages/my_rc_car/__init__.py to __init__.cpython-310.pyc
[2.303s] running install_data
[2.303s] creating /home/antonyf/ros2_ws/install/my_rc_car/share/ament_index
[2.304s] creating /home/antonyf/ros2_ws/install/my_rc_car/share/ament_index/resource_index
[2.306s] creating /home/antonyf/ros2_ws/install/my_rc_car/share/ament_index/resource_index/packages
[2.307s] copying resource/my_rc_car -> /home/antonyf/ros2_ws/install/my_rc_car/share/ament_index/resource_index/packages
[2.307s] copying package.xml -> /home/antonyf/ros2_ws/install/my_rc_car/share/my_rc_car
[2.308s] running install_egg_info
[2.311s] Copying ../../build/my_rc_car/my_rc_car.egg-info to /home/antonyf/ros2_ws/install/my_rc_car/lib/python3.10/site-packages/my_rc_car-0.0.0-py3.10.egg-info
[2.314s] running install_scripts
[2.352s] writing list of installed files to '/home/antonyf/ros2_ws/build/my_rc_car/install.log'
[2.393s] Invoked command in '/home/antonyf/ros2_ws/src/my_rc_car' returned '0': PYTHONPATH=/home/antonyf/ros2_ws/build/my_rc_car/prefix_override:/usr/lib/python3/dist-packages/colcon_core/task/python/colcon_distutils_commands:/home/antonyf/ros2_ws/install/my_rc_car/lib/python3.10/site-packages:${PYTHONPATH} /usr/bin/python3 -W ignore:setup.py install is deprecated -W ignore:easy_install command is deprecated setup.py egg_info --egg-base ../../build/my_rc_car build --build-base /home/antonyf/ros2_ws/build/my_rc_car/build install --record /home/antonyf/ros2_ws/build/my_rc_car/install.log --single-version-externally-managed install_data
