[0.631s] DEBUG:colcon:Command line arguments: ['/usr/bin/colcon', 'build']
[0.631s] DEBUG:colcon:Parsed command line arguments: Namespace(log_base=None, log_level=None, verb_name='build', build_base='build', install_base='install', merge_install=False, symlink_install=False, test_result_base=None, continue_on_error=False, executor='parallel', parallel_workers=12, event_handlers=None, ignore_user_meta=False, metas=['./colcon.meta'], base_paths=['.'], packages_ignore=None, packages_ignore_regex=None, paths=None, packages_up_to=None, packages_up_to_regex=None, packages_above=None, packages_above_and_dependencies=None, packages_above_depth=None, packages_select_by_dep=None, packages_skip_by_dep=None, packages_skip_up_to=None, packages_select_build_failed=False, packages_skip_build_finished=False, packages_select_test_failures=False, packages_skip_test_passed=False, packages_select=None, packages_skip=None, packages_select_regex=None, packages_skip_regex=None, packages_start=None, packages_end=None, allow_overriding=[], cmake_args=None, cmake_target=None, cmake_target_skip_unavailable=False, cmake_clean_cache=False, cmake_clean_first=False, cmake_force_configure=False, ament_cmake_args=None, catkin_cmake_args=None, catkin_skip_building_tests=False, mixin_files=None, mixin=None, verb_parser=<colcon_mixin.mixin.mixin_argument.MixinArgumentDecorator object at 0x7e1d16f31c60>, verb_extension=<colcon_core.verb.build.BuildVerb object at 0x7e1d16f31570>, main=<bound method BuildVerb.main of <colcon_core.verb.build.BuildVerb object at 0x7e1d16f31570>>, mixin_verb=('build',))
[1.004s] Level 1:colcon.colcon_core.package_discovery:discover_packages(colcon_meta) check parameters
[1.004s] Level 1:colcon.colcon_core.package_discovery:discover_packages(recursive) check parameters
[1.004s] Level 1:colcon.colcon_core.package_discovery:discover_packages(ignore) check parameters
[1.005s] Level 1:colcon.colcon_core.package_discovery:discover_packages(path) check parameters
[1.005s] Level 1:colcon.colcon_core.package_discovery:discover_packages(colcon_meta) discover
[1.005s] Level 1:colcon.colcon_core.package_discovery:discover_packages(recursive) discover
[1.005s] INFO:colcon.colcon_core.package_discovery:Crawling recursively for packages in '/home/antonyf/ros2_ws'
[1.005s] Level 1:colcon.colcon_core.package_identification:_identify(.) by extensions ['ignore', 'ignore_ament_install']
[1.005s] Level 1:colcon.colcon_core.package_identification:_identify(.) by extension 'ignore'
[1.005s] Level 1:colcon.colcon_core.package_identification:_identify(.) by extension 'ignore_ament_install'
[1.005s] Level 1:colcon.colcon_core.package_identification:_identify(.) by extensions ['colcon_pkg']
[1.005s] Level 1:colcon.colcon_core.package_identification:_identify(.) by extension 'colcon_pkg'
[1.006s] Level 1:colcon.colcon_core.package_identification:_identify(.) by extensions ['colcon_meta']
[1.006s] Level 1:colcon.colcon_core.package_identification:_identify(.) by extension 'colcon_meta'
[1.006s] Level 1:colcon.colcon_core.package_identification:_identify(.) by extensions ['ros']
[1.006s] Level 1:colcon.colcon_core.package_identification:_identify(.) by extension 'ros'
[1.035s] Level 1:colcon.colcon_core.package_identification:_identify(.) by extensions ['cmake', 'python']
[1.035s] Level 1:colcon.colcon_core.package_identification:_identify(.) by extension 'cmake'
[1.035s] Level 1:colcon.colcon_core.package_identification:_identify(.) by extension 'python'
[1.035s] Level 1:colcon.colcon_core.package_identification:_identify(.) by extensions ['python_setup_py']
[1.035s] Level 1:colcon.colcon_core.package_identification:_identify(.) by extension 'python_setup_py'
[1.036s] Level 1:colcon.colcon_core.package_identification:_identify(build) by extensions ['ignore', 'ignore_ament_install']
[1.036s] Level 1:colcon.colcon_core.package_identification:_identify(build) by extension 'ignore'
[1.036s] Level 1:colcon.colcon_core.package_identification:_identify(build) ignored
[1.037s] Level 1:colcon.colcon_core.package_identification:_identify(install) by extensions ['ignore', 'ignore_ament_install']
[1.037s] Level 1:colcon.colcon_core.package_identification:_identify(install) by extension 'ignore'
[1.037s] Level 1:colcon.colcon_core.package_identification:_identify(install) ignored
[1.037s] Level 1:colcon.colcon_core.package_identification:_identify(log) by extensions ['ignore', 'ignore_ament_install']
[1.037s] Level 1:colcon.colcon_core.package_identification:_identify(log) by extension 'ignore'
[1.037s] Level 1:colcon.colcon_core.package_identification:_identify(log) ignored
[1.038s] Level 1:colcon.colcon_core.package_identification:_identify(src) by extensions ['ignore', 'ignore_ament_install']
[1.038s] Level 1:colcon.colcon_core.package_identification:_identify(src) by extension 'ignore'
[1.038s] Level 1:colcon.colcon_core.package_identification:_identify(src) by extension 'ignore_ament_install'
[1.038s] Level 1:colcon.colcon_core.package_identification:_identify(src) by extensions ['colcon_pkg']
[1.038s] Level 1:colcon.colcon_core.package_identification:_identify(src) by extension 'colcon_pkg'
[1.038s] Level 1:colcon.colcon_core.package_identification:_identify(src) by extensions ['colcon_meta']
[1.038s] Level 1:colcon.colcon_core.package_identification:_identify(src) by extension 'colcon_meta'
[1.038s] Level 1:colcon.colcon_core.package_identification:_identify(src) by extensions ['ros']
[1.038s] Level 1:colcon.colcon_core.package_identification:_identify(src) by extension 'ros'
[1.039s] Level 1:colcon.colcon_core.package_identification:_identify(src) by extensions ['cmake', 'python']
[1.039s] Level 1:colcon.colcon_core.package_identification:_identify(src) by extension 'cmake'
[1.039s] Level 1:colcon.colcon_core.package_identification:_identify(src) by extension 'python'
[1.039s] Level 1:colcon.colcon_core.package_identification:_identify(src) by extensions ['python_setup_py']
[1.039s] Level 1:colcon.colcon_core.package_identification:_identify(src) by extension 'python_setup_py'
[1.039s] Level 1:colcon.colcon_core.package_identification:_identify(src/my_rc_car) by extensions ['ignore', 'ignore_ament_install']
[1.039s] Level 1:colcon.colcon_core.package_identification:_identify(src/my_rc_car) by extension 'ignore'
[1.040s] Level 1:colcon.colcon_core.package_identification:_identify(src/my_rc_car) by extension 'ignore_ament_install'
[1.040s] Level 1:colcon.colcon_core.package_identification:_identify(src/my_rc_car) by extensions ['colcon_pkg']
[1.040s] Level 1:colcon.colcon_core.package_identification:_identify(src/my_rc_car) by extension 'colcon_pkg'
[1.040s] Level 1:colcon.colcon_core.package_identification:_identify(src/my_rc_car) by extensions ['colcon_meta']
[1.040s] Level 1:colcon.colcon_core.package_identification:_identify(src/my_rc_car) by extension 'colcon_meta'
[1.040s] Level 1:colcon.colcon_core.package_identification:_identify(src/my_rc_car) by extensions ['ros']
[1.040s] Level 1:colcon.colcon_core.package_identification:_identify(src/my_rc_car) by extension 'ros'
[1.045s] DEBUG:colcon.colcon_core.package_identification:Package 'src/my_rc_car' with type 'ros.ament_python' and name 'my_rc_car'
[1.045s] Level 1:colcon.colcon_core.package_identification:_identify(src/my_robot_controller) by extensions ['ignore', 'ignore_ament_install']
[1.045s] Level 1:colcon.colcon_core.package_identification:_identify(src/my_robot_controller) by extension 'ignore'
[1.045s] Level 1:colcon.colcon_core.package_identification:_identify(src/my_robot_controller) by extension 'ignore_ament_install'
[1.045s] Level 1:colcon.colcon_core.package_identification:_identify(src/my_robot_controller) by extensions ['colcon_pkg']
[1.046s] Level 1:colcon.colcon_core.package_identification:_identify(src/my_robot_controller) by extension 'colcon_pkg'
[1.046s] Level 1:colcon.colcon_core.package_identification:_identify(src/my_robot_controller) by extensions ['colcon_meta']
[1.046s] Level 1:colcon.colcon_core.package_identification:_identify(src/my_robot_controller) by extension 'colcon_meta'
[1.046s] Level 1:colcon.colcon_core.package_identification:_identify(src/my_robot_controller) by extensions ['ros']
[1.046s] Level 1:colcon.colcon_core.package_identification:_identify(src/my_robot_controller) by extension 'ros'
[1.047s] DEBUG:colcon.colcon_core.package_identification:Package 'src/my_robot_controller' with type 'ros.ament_python' and name 'my_robot_controller'
[1.047s] Level 1:colcon.colcon_core.package_discovery:discover_packages(recursive) using defaults
[1.047s] Level 1:colcon.colcon_core.package_discovery:discover_packages(ignore) discover
[1.048s] Level 1:colcon.colcon_core.package_discovery:discover_packages(ignore) using defaults
[1.048s] Level 1:colcon.colcon_core.package_discovery:discover_packages(path) discover
[1.048s] Level 1:colcon.colcon_core.package_discovery:discover_packages(path) using defaults
[1.113s] Level 1:colcon.colcon_core.package_discovery:discover_packages(prefix_path) check parameters
[1.113s] Level 1:colcon.colcon_core.package_discovery:discover_packages(prefix_path) discover
[1.119s] DEBUG:colcon.colcon_installed_package_information.package_discovery:Found 2 installed packages in /home/antonyf/ros2_ws/install
[1.123s] DEBUG:colcon.colcon_installed_package_information.package_discovery:Found 271 installed packages in /opt/ros/humble
[1.126s] Level 1:colcon.colcon_core.package_discovery:discover_packages(prefix_path) using defaults
[1.213s] Level 5:colcon.colcon_core.verb:set package 'my_rc_car' build argument 'cmake_args' from command line to 'None'
[1.213s] Level 5:colcon.colcon_core.verb:set package 'my_rc_car' build argument 'cmake_target' from command line to 'None'
[1.213s] Level 5:colcon.colcon_core.verb:set package 'my_rc_car' build argument 'cmake_target_skip_unavailable' from command line to 'False'
[1.213s] Level 5:colcon.colcon_core.verb:set package 'my_rc_car' build argument 'cmake_clean_cache' from command line to 'False'
[1.213s] Level 5:colcon.colcon_core.verb:set package 'my_rc_car' build argument 'cmake_clean_first' from command line to 'False'
[1.213s] Level 5:colcon.colcon_core.verb:set package 'my_rc_car' build argument 'cmake_force_configure' from command line to 'False'
[1.213s] Level 5:colcon.colcon_core.verb:set package 'my_rc_car' build argument 'ament_cmake_args' from command line to 'None'
[1.213s] Level 5:colcon.colcon_core.verb:set package 'my_rc_car' build argument 'catkin_cmake_args' from command line to 'None'
[1.213s] Level 5:colcon.colcon_core.verb:set package 'my_rc_car' build argument 'catkin_skip_building_tests' from command line to 'False'
[1.213s] DEBUG:colcon.colcon_core.verb:Building package 'my_rc_car' with the following arguments: {'ament_cmake_args': None, 'build_base': '/home/antonyf/ros2_ws/build/my_rc_car', 'catkin_cmake_args': None, 'catkin_skip_building_tests': False, 'cmake_args': None, 'cmake_clean_cache': False, 'cmake_clean_first': False, 'cmake_force_configure': False, 'cmake_target': None, 'cmake_target_skip_unavailable': False, 'install_base': '/home/antonyf/ros2_ws/install/my_rc_car', 'merge_install': False, 'path': '/home/antonyf/ros2_ws/src/my_rc_car', 'symlink_install': False, 'test_result_base': None}
[1.214s] Level 5:colcon.colcon_core.verb:set package 'my_robot_controller' build argument 'cmake_args' from command line to 'None'
[1.214s] Level 5:colcon.colcon_core.verb:set package 'my_robot_controller' build argument 'cmake_target' from command line to 'None'
[1.214s] Level 5:colcon.colcon_core.verb:set package 'my_robot_controller' build argument 'cmake_target_skip_unavailable' from command line to 'False'
[1.214s] Level 5:colcon.colcon_core.verb:set package 'my_robot_controller' build argument 'cmake_clean_cache' from command line to 'False'
[1.214s] Level 5:colcon.colcon_core.verb:set package 'my_robot_controller' build argument 'cmake_clean_first' from command line to 'False'
[1.214s] Level 5:colcon.colcon_core.verb:set package 'my_robot_controller' build argument 'cmake_force_configure' from command line to 'False'
[1.214s] Level 5:colcon.colcon_core.verb:set package 'my_robot_controller' build argument 'ament_cmake_args' from command line to 'None'
[1.214s] Level 5:colcon.colcon_core.verb:set package 'my_robot_controller' build argument 'catkin_cmake_args' from command line to 'None'
[1.214s] Level 5:colcon.colcon_core.verb:set package 'my_robot_controller' build argument 'catkin_skip_building_tests' from command line to 'False'
[1.215s] DEBUG:colcon.colcon_core.verb:Building package 'my_robot_controller' with the following arguments: {'ament_cmake_args': None, 'build_base': '/home/antonyf/ros2_ws/build/my_robot_controller', 'catkin_cmake_args': None, 'catkin_skip_building_tests': False, 'cmake_args': None, 'cmake_clean_cache': False, 'cmake_clean_first': False, 'cmake_force_configure': False, 'cmake_target': None, 'cmake_target_skip_unavailable': False, 'install_base': '/home/antonyf/ros2_ws/install/my_robot_controller', 'merge_install': False, 'path': '/home/antonyf/ros2_ws/src/my_robot_controller', 'symlink_install': False, 'test_result_base': None}
[1.215s] INFO:colcon.colcon_core.executor:Executing jobs using 'parallel' executor
[1.218s] DEBUG:colcon.colcon_parallel_executor.executor.parallel:run_until_complete
[1.219s] INFO:colcon.colcon_ros.task.ament_python.build:Building ROS package in '/home/antonyf/ros2_ws/src/my_rc_car' with build type 'ament_python'
[1.219s] Level 1:colcon.colcon_core.shell:create_environment_hook('my_rc_car', 'ament_prefix_path')
[1.227s] INFO:colcon.colcon_core.plugin_system:Skipping extension 'colcon_core.shell.bat': Not used on non-Windows systems
[1.228s] INFO:colcon.colcon_core.shell:Creating environment hook '/home/antonyf/ros2_ws/install/my_rc_car/share/my_rc_car/hook/ament_prefix_path.ps1'
[1.229s] INFO:colcon.colcon_core.shell:Creating environment descriptor '/home/antonyf/ros2_ws/install/my_rc_car/share/my_rc_car/hook/ament_prefix_path.dsv'
[1.231s] INFO:colcon.colcon_core.shell:Creating environment hook '/home/antonyf/ros2_ws/install/my_rc_car/share/my_rc_car/hook/ament_prefix_path.sh'
[1.233s] INFO:colcon.colcon_core.shell:Skip shell extension 'powershell' for command environment: Not usable outside of PowerShell
[1.233s] DEBUG:colcon.colcon_core.shell:Skip shell extension 'dsv' for command environment
[1.270s] INFO:colcon.colcon_ros.task.ament_python.build:Building ROS package in '/home/antonyf/ros2_ws/src/my_robot_controller' with build type 'ament_python'
[1.270s] Level 1:colcon.colcon_core.shell:create_environment_hook('my_robot_controller', 'ament_prefix_path')
[1.271s] INFO:colcon.colcon_core.shell:Creating environment hook '/home/antonyf/ros2_ws/install/my_robot_controller/share/my_robot_controller/hook/ament_prefix_path.ps1'
[1.273s] INFO:colcon.colcon_core.shell:Creating environment descriptor '/home/antonyf/ros2_ws/install/my_robot_controller/share/my_robot_controller/hook/ament_prefix_path.dsv'
[1.274s] INFO:colcon.colcon_core.shell:Creating environment hook '/home/antonyf/ros2_ws/install/my_robot_controller/share/my_robot_controller/hook/ament_prefix_path.sh'
[1.277s] INFO:colcon.colcon_core.shell:Skip shell extension 'powershell' for command environment: Not usable outside of PowerShell
[1.277s] DEBUG:colcon.colcon_core.shell:Skip shell extension 'dsv' for command environment
[1.927s] INFO:colcon.colcon_core.task.python.build:Building Python package in '/home/antonyf/ros2_ws/src/my_rc_car'
[1.929s] INFO:colcon.colcon_core.shell:Skip shell extension 'powershell' for command environment: Not usable outside of PowerShell
[1.930s] DEBUG:colcon.colcon_core.shell:Skip shell extension 'dsv' for command environment
[2.492s] INFO:colcon.colcon_core.task.python.build:Building Python package in '/home/antonyf/ros2_ws/src/my_robot_controller'
[2.493s] INFO:colcon.colcon_core.shell:Skip shell extension 'powershell' for command environment: Not usable outside of PowerShell
[2.493s] DEBUG:colcon.colcon_core.shell:Skip shell extension 'dsv' for command environment
[3.378s] DEBUG:colcon.colcon_core.event_handler.log_command:Invoking command in '/home/antonyf/ros2_ws/src/my_rc_car': PYTHONPATH=/home/antonyf/ros2_ws/build/my_rc_car/prefix_override:/usr/lib/python3/dist-packages/colcon_core/task/python/colcon_distutils_commands:/home/antonyf/ros2_ws/install/my_rc_car/lib/python3.10/site-packages:${PYTHONPATH} /usr/bin/python3 -W ignore:setup.py install is deprecated -W ignore:easy_install command is deprecated setup.py egg_info --egg-base ../../build/my_rc_car build --build-base /home/antonyf/ros2_ws/build/my_rc_car/build install --record /home/antonyf/ros2_ws/build/my_rc_car/install.log --single-version-externally-managed install_data
[3.387s] DEBUG:colcon.colcon_core.event_handler.log_command:Invoking command in '/home/antonyf/ros2_ws/src/my_robot_controller': PYTHONPATH=/home/antonyf/ros2_ws/build/my_robot_controller/prefix_override:/usr/lib/python3/dist-packages/colcon_core/task/python/colcon_distutils_commands:/home/antonyf/ros2_ws/install/my_robot_controller/lib/python3.10/site-packages:${PYTHONPATH} /usr/bin/python3 -W ignore:setup.py install is deprecated -W ignore:easy_install command is deprecated setup.py egg_info --egg-base ../../build/my_robot_controller build --build-base /home/antonyf/ros2_ws/build/my_robot_controller/build install --record /home/antonyf/ros2_ws/build/my_robot_controller/install.log --single-version-externally-managed install_data
[4.077s] DEBUG:colcon.colcon_core.event_handler.log_command:Invoked command in '/home/antonyf/ros2_ws/src/my_robot_controller' returned '0': PYTHONPATH=/home/antonyf/ros2_ws/build/my_robot_controller/prefix_override:/usr/lib/python3/dist-packages/colcon_core/task/python/colcon_distutils_commands:/home/antonyf/ros2_ws/install/my_robot_controller/lib/python3.10/site-packages:${PYTHONPATH} /usr/bin/python3 -W ignore:setup.py install is deprecated -W ignore:easy_install command is deprecated setup.py egg_info --egg-base ../../build/my_robot_controller build --build-base /home/antonyf/ros2_ws/build/my_robot_controller/build install --record /home/antonyf/ros2_ws/build/my_robot_controller/install.log --single-version-externally-managed install_data
[4.083s] Level 1:colcon.colcon_core.environment:checking '/home/antonyf/ros2_ws/install/my_robot_controller' for CMake module files
[4.084s] Level 1:colcon.colcon_core.environment:checking '/home/antonyf/ros2_ws/install/my_robot_controller' for CMake config files
[4.086s] Level 1:colcon.colcon_core.environment:checking '/home/antonyf/ros2_ws/install/my_robot_controller/lib'
[4.086s] Level 1:colcon.colcon_core.environment:checking '/home/antonyf/ros2_ws/install/my_robot_controller/bin'
[4.086s] Level 1:colcon.colcon_core.environment:checking '/home/antonyf/ros2_ws/install/my_robot_controller/lib/pkgconfig/my_robot_controller.pc'
[4.087s] Level 1:colcon.colcon_core.environment:checking '/home/antonyf/ros2_ws/install/my_robot_controller/lib/python3.10/site-packages'
[4.087s] Level 1:colcon.colcon_core.shell:create_environment_hook('my_robot_controller', 'pythonpath')
[4.088s] INFO:colcon.colcon_core.shell:Creating environment hook '/home/antonyf/ros2_ws/install/my_robot_controller/share/my_robot_controller/hook/pythonpath.ps1'
[4.089s] INFO:colcon.colcon_core.shell:Creating environment descriptor '/home/antonyf/ros2_ws/install/my_robot_controller/share/my_robot_controller/hook/pythonpath.dsv'
[4.090s] INFO:colcon.colcon_core.shell:Creating environment hook '/home/antonyf/ros2_ws/install/my_robot_controller/share/my_robot_controller/hook/pythonpath.sh'
[4.092s] Level 1:colcon.colcon_core.environment:checking '/home/antonyf/ros2_ws/install/my_robot_controller/bin'
[4.092s] Level 1:colcon.colcon_core.environment:create_environment_scripts_only(my_robot_controller)
[4.093s] INFO:colcon.colcon_core.shell:Creating package script '/home/antonyf/ros2_ws/install/my_robot_controller/share/my_robot_controller/package.ps1'
[4.094s] INFO:colcon.colcon_core.shell:Creating package descriptor '/home/antonyf/ros2_ws/install/my_robot_controller/share/my_robot_controller/package.dsv'
[4.095s] INFO:colcon.colcon_core.shell:Creating package script '/home/antonyf/ros2_ws/install/my_robot_controller/share/my_robot_controller/package.sh'
[4.097s] INFO:colcon.colcon_core.shell:Creating package script '/home/antonyf/ros2_ws/install/my_robot_controller/share/my_robot_controller/package.bash'
[4.099s] INFO:colcon.colcon_core.shell:Creating package script '/home/antonyf/ros2_ws/install/my_robot_controller/share/my_robot_controller/package.zsh'
[4.101s] Level 1:colcon.colcon_core.environment:create_file_with_runtime_dependencies(/home/antonyf/ros2_ws/install/my_robot_controller/share/colcon-core/packages/my_robot_controller)
[4.103s] Level 1:colcon.colcon_core.environment:checking '/home/antonyf/ros2_ws/install/my_rc_car' for CMake module files
[4.106s] DEBUG:colcon.colcon_core.event_handler.log_command:Invoked command in '/home/antonyf/ros2_ws/src/my_rc_car' returned '0': PYTHONPATH=/home/antonyf/ros2_ws/build/my_rc_car/prefix_override:/usr/lib/python3/dist-packages/colcon_core/task/python/colcon_distutils_commands:/home/antonyf/ros2_ws/install/my_rc_car/lib/python3.10/site-packages:${PYTHONPATH} /usr/bin/python3 -W ignore:setup.py install is deprecated -W ignore:easy_install command is deprecated setup.py egg_info --egg-base ../../build/my_rc_car build --build-base /home/antonyf/ros2_ws/build/my_rc_car/build install --record /home/antonyf/ros2_ws/build/my_rc_car/install.log --single-version-externally-managed install_data
[4.106s] Level 1:colcon.colcon_core.environment:checking '/home/antonyf/ros2_ws/install/my_rc_car' for CMake config files
[4.108s] Level 1:colcon.colcon_core.environment:checking '/home/antonyf/ros2_ws/install/my_rc_car/lib'
[4.108s] Level 1:colcon.colcon_core.environment:checking '/home/antonyf/ros2_ws/install/my_rc_car/bin'
[4.108s] Level 1:colcon.colcon_core.environment:checking '/home/antonyf/ros2_ws/install/my_rc_car/lib/pkgconfig/my_rc_car.pc'
[4.109s] Level 1:colcon.colcon_core.environment:checking '/home/antonyf/ros2_ws/install/my_rc_car/lib/python3.10/site-packages'
[4.109s] Level 1:colcon.colcon_core.shell:create_environment_hook('my_rc_car', 'pythonpath')
[4.109s] INFO:colcon.colcon_core.shell:Creating environment hook '/home/antonyf/ros2_ws/install/my_rc_car/share/my_rc_car/hook/pythonpath.ps1'
[4.110s] INFO:colcon.colcon_core.shell:Creating environment descriptor '/home/antonyf/ros2_ws/install/my_rc_car/share/my_rc_car/hook/pythonpath.dsv'
[4.111s] INFO:colcon.colcon_core.shell:Creating environment hook '/home/antonyf/ros2_ws/install/my_rc_car/share/my_rc_car/hook/pythonpath.sh'
[4.113s] Level 1:colcon.colcon_core.environment:checking '/home/antonyf/ros2_ws/install/my_rc_car/bin'
[4.113s] Level 1:colcon.colcon_core.environment:create_environment_scripts_only(my_rc_car)
[4.114s] INFO:colcon.colcon_core.shell:Creating package script '/home/antonyf/ros2_ws/install/my_rc_car/share/my_rc_car/package.ps1'
[4.115s] INFO:colcon.colcon_core.shell:Creating package descriptor '/home/antonyf/ros2_ws/install/my_rc_car/share/my_rc_car/package.dsv'
[4.116s] INFO:colcon.colcon_core.shell:Creating package script '/home/antonyf/ros2_ws/install/my_rc_car/share/my_rc_car/package.sh'
[4.117s] INFO:colcon.colcon_core.shell:Creating package script '/home/antonyf/ros2_ws/install/my_rc_car/share/my_rc_car/package.bash'
[4.118s] INFO:colcon.colcon_core.shell:Creating package script '/home/antonyf/ros2_ws/install/my_rc_car/share/my_rc_car/package.zsh'
[4.119s] Level 1:colcon.colcon_core.environment:create_file_with_runtime_dependencies(/home/antonyf/ros2_ws/install/my_rc_car/share/colcon-core/packages/my_rc_car)
[4.119s] DEBUG:colcon.colcon_parallel_executor.executor.parallel:closing loop
[4.120s] DEBUG:colcon.colcon_parallel_executor.executor.parallel:loop closed
[4.120s] DEBUG:colcon.colcon_parallel_executor.executor.parallel:run_until_complete finished with '0'
[4.121s] DEBUG:colcon.colcon_core.event_reactor:joining thread
[4.277s] INFO:colcon.colcon_core.plugin_system:Skipping extension 'colcon_notification.desktop_notification.notify_send': Could not find 'notify-send'
[4.278s] INFO:colcon.colcon_core.plugin_system:Skipping extension 'colcon_notification.desktop_notification.terminal_notifier': Not used on non-Darwin systems
[4.278s] INFO:colcon.colcon_core.plugin_system:Skipping extension 'colcon_notification.desktop_notification.win32': Not used on non-Windows systems
[4.278s] INFO:colcon.colcon_notification.desktop_notification:Sending desktop notification using 'notify2'
[4.294s] DEBUG:colcon.colcon_notification.desktop_notification.notify2:Failed to initialize notify2: org.freedesktop.DBus.Error.ServiceUnknown: The name org.freedesktop.Notifications was not provided by any .service files
[4.295s] DEBUG:colcon.colcon_core.event_reactor:joined thread
[4.297s] INFO:colcon.colcon_core.shell:Creating prefix script '/home/antonyf/ros2_ws/install/local_setup.ps1'
[4.299s] INFO:colcon.colcon_core.shell:Creating prefix util module '/home/antonyf/ros2_ws/install/_local_setup_util_ps1.py'
[4.302s] INFO:colcon.colcon_core.shell:Creating prefix chain script '/home/antonyf/ros2_ws/install/setup.ps1'
[4.304s] INFO:colcon.colcon_core.shell:Creating prefix script '/home/antonyf/ros2_ws/install/local_setup.sh'
[4.305s] INFO:colcon.colcon_core.shell:Creating prefix util module '/home/antonyf/ros2_ws/install/_local_setup_util_sh.py'
[4.307s] INFO:colcon.colcon_core.shell:Creating prefix chain script '/home/antonyf/ros2_ws/install/setup.sh'
[4.309s] INFO:colcon.colcon_core.shell:Creating prefix script '/home/antonyf/ros2_ws/install/local_setup.bash'
[4.310s] INFO:colcon.colcon_core.shell:Creating prefix chain script '/home/antonyf/ros2_ws/install/setup.bash'
[4.312s] INFO:colcon.colcon_core.shell:Creating prefix script '/home/antonyf/ros2_ws/install/local_setup.zsh'
[4.314s] INFO:colcon.colcon_core.shell:Creating prefix chain script '/home/antonyf/ros2_ws/install/setup.zsh'
