[1.832s] Invoking command in '/home/antonyf/ros2_ws/src/my_robot_controller': PYTHONPATH=/home/antonyf/ros2_ws/build/my_robot_controller/prefix_override:/usr/lib/python3/dist-packages/colcon_core/task/python/colcon_distutils_commands:/home/antonyf/ros2_ws/install/my_robot_controller/lib/python3.10/site-packages:${PYTHONPATH} /usr/bin/python3 -W ignore:setup.py install is deprecated -W ignore:easy_install command is deprecated setup.py egg_info --egg-base ../../build/my_robot_controller build --build-base /home/antonyf/ros2_ws/build/my_robot_controller/build install --record /home/antonyf/ros2_ws/build/my_robot_controller/install.log --single-version-externally-managed install_data
[2.280s] running egg_info
[2.281s] creating ../../build/my_robot_controller/my_robot_controller.egg-info
[2.282s] writing ../../build/my_robot_controller/my_robot_controller.egg-info/PKG-INFO
[2.283s] writing dependency_links to ../../build/my_robot_controller/my_robot_controller.egg-info/dependency_links.txt
[2.283s] writing entry points to ../../build/my_robot_controller/my_robot_controller.egg-info/entry_points.txt
[2.284s] writing requirements to ../../build/my_robot_controller/my_robot_controller.egg-info/requires.txt
[2.284s] writing top-level names to ../../build/my_robot_controller/my_robot_controller.egg-info/top_level.txt
[2.284s] writing manifest file '../../build/my_robot_controller/my_robot_controller.egg-info/SOURCES.txt'
[2.287s] reading manifest file '../../build/my_robot_controller/my_robot_controller.egg-info/SOURCES.txt'
[2.289s] writing manifest file '../../build/my_robot_controller/my_robot_controller.egg-info/SOURCES.txt'
[2.290s] running build
[2.290s] running build_py
[2.290s] creating /home/antonyf/ros2_ws/build/my_robot_controller/build
[2.291s] creating /home/antonyf/ros2_ws/build/my_robot_controller/build/lib
[2.292s] creating /home/antonyf/ros2_ws/build/my_robot_controller/build/lib/my_robot_controller
[2.294s] copying my_robot_controller/turtle_controller.py -> /home/antonyf/ros2_ws/build/my_robot_controller/build/lib/my_robot_controller
[2.328s] copying my_robot_controller/pose_subscriber.py -> /home/antonyf/ros2_ws/build/my_robot_controller/build/lib/my_robot_controller
[2.329s] copying my_robot_controller/my_first_node.py -> /home/antonyf/ros2_ws/build/my_robot_controller/build/lib/my_robot_controller
[2.330s] copying my_robot_controller/__init__.py -> /home/antonyf/ros2_ws/build/my_robot_controller/build/lib/my_robot_controller
[2.330s] copying my_robot_controller/draw_circle.py -> /home/antonyf/ros2_ws/build/my_robot_controller/build/lib/my_robot_controller
[2.332s] running install
[2.333s] running install_lib
[2.335s] creating /home/antonyf/ros2_ws/install/my_robot_controller/lib/python3.10/site-packages/my_robot_controller
[2.336s] copying /home/antonyf/ros2_ws/build/my_robot_controller/build/lib/my_robot_controller/turtle_controller.py -> /home/antonyf/ros2_ws/install/my_robot_controller/lib/python3.10/site-packages/my_robot_controller
[2.336s] copying /home/antonyf/ros2_ws/build/my_robot_controller/build/lib/my_robot_controller/pose_subscriber.py -> /home/antonyf/ros2_ws/install/my_robot_controller/lib/python3.10/site-packages/my_robot_controller
[2.337s] copying /home/antonyf/ros2_ws/build/my_robot_controller/build/lib/my_robot_controller/my_first_node.py -> /home/antonyf/ros2_ws/install/my_robot_controller/lib/python3.10/site-packages/my_robot_controller
[2.337s] copying /home/antonyf/ros2_ws/build/my_robot_controller/build/lib/my_robot_controller/__init__.py -> /home/antonyf/ros2_ws/install/my_robot_controller/lib/python3.10/site-packages/my_robot_controller
[2.338s] copying /home/antonyf/ros2_ws/build/my_robot_controller/build/lib/my_robot_controller/draw_circle.py -> /home/antonyf/ros2_ws/install/my_robot_controller/lib/python3.10/site-packages/my_robot_controller
[2.339s] byte-compiling /home/antonyf/ros2_ws/install/my_robot_controller/lib/python3.10/site-packages/my_robot_controller/turtle_controller.py to turtle_controller.cpython-310.pyc
[2.341s] byte-compiling /home/antonyf/ros2_ws/install/my_robot_controller/lib/python3.10/site-packages/my_robot_controller/pose_subscriber.py to pose_subscriber.cpython-310.pyc
[2.342s] byte-compiling /home/antonyf/ros2_ws/install/my_robot_controller/lib/python3.10/site-packages/my_robot_controller/my_first_node.py to my_first_node.cpython-310.pyc
[2.343s] byte-compiling /home/antonyf/ros2_ws/install/my_robot_controller/lib/python3.10/site-packages/my_robot_controller/__init__.py to __init__.cpython-310.pyc
[2.344s] byte-compiling /home/antonyf/ros2_ws/install/my_robot_controller/lib/python3.10/site-packages/my_robot_controller/draw_circle.py to draw_circle.cpython-310.pyc
[2.345s] running install_data
[2.345s] creating /home/antonyf/ros2_ws/install/my_robot_controller/share/ament_index
[2.346s] creating /home/antonyf/ros2_ws/install/my_robot_controller/share/ament_index/resource_index
[2.347s] creating /home/antonyf/ros2_ws/install/my_robot_controller/share/ament_index/resource_index/packages
[2.348s] copying resource/my_robot_controller -> /home/antonyf/ros2_ws/install/my_robot_controller/share/ament_index/resource_index/packages
[2.348s] copying package.xml -> /home/antonyf/ros2_ws/install/my_robot_controller/share/my_robot_controller
[2.349s] running install_egg_info
[2.352s] Copying ../../build/my_robot_controller/my_robot_controller.egg-info to /home/antonyf/ros2_ws/install/my_robot_controller/lib/python3.10/site-packages/my_robot_controller-0.0.0-py3.10.egg-info
[2.355s] running install_scripts
[2.392s] Installing draw_cicle script to /home/antonyf/ros2_ws/install/my_robot_controller/lib/my_robot_controller
[2.393s] Installing pose_subscriber script to /home/antonyf/ros2_ws/install/my_robot_controller/lib/my_robot_controller
[2.393s] Installing test_node script to /home/antonyf/ros2_ws/install/my_robot_controller/lib/my_robot_controller
[2.394s] Installing turtle_controller script to /home/antonyf/ros2_ws/install/my_robot_controller/lib/my_robot_controller
[2.395s] writing list of installed files to '/home/antonyf/ros2_ws/build/my_robot_controller/install.log'
[2.435s] Invoked command in '/home/antonyf/ros2_ws/src/my_robot_controller' returned '0': PYTHONPATH=/home/antonyf/ros2_ws/build/my_robot_controller/prefix_override:/usr/lib/python3/dist-packages/colcon_core/task/python/colcon_distutils_commands:/home/antonyf/ros2_ws/install/my_robot_controller/lib/python3.10/site-packages:${PYTHONPATH} /usr/bin/python3 -W ignore:setup.py install is deprecated -W ignore:easy_install command is deprecated setup.py egg_info --egg-base ../../build/my_robot_controller build --build-base /home/antonyf/ros2_ws/build/my_robot_controller/build install --record /home/antonyf/ros2_ws/build/my_robot_controller/install.log --single-version-externally-managed install_data
