[0.500s] DEBUG:colcon:Command line arguments: ['/usr/bin/colcon', 'list', '-p', '--base-paths', '/home/antonyf/ros2_ws']
[0.501s] DEBUG:colcon:Parsed command line arguments: Namespace(log_base=None, log_level=None, verb_name='list', build_base='build', ignore_user_meta=False, metas=['./colcon.meta'], base_paths=['/home/antonyf/ros2_ws'], packages_ignore=None, packages_ignore_regex=None, paths=None, packages_up_to=None, packages_up_to_regex=None, packages_above=None, packages_above_and_dependencies=None, packages_above_depth=None, packages_select_by_dep=None, packages_skip_by_dep=None, packages_skip_up_to=None, packages_select_build_failed=False, packages_skip_build_finished=False, packages_select_test_failures=False, packages_skip_test_passed=False, packages_select=None, packages_skip=None, packages_select_regex=None, packages_skip_regex=None, packages_start=None, packages_end=None, allow_overriding=[], topological_order=False, names_only=False, paths_only=True, topological_graph=False, topological_graph_dot=False, topological_graph_density=False, topological_graph_legend=False, topological_graph_dot_cluster=False, topological_graph_dot_include_skipped=False, mixin_files=None, mixin=None, verb_parser=<colcon_mixin.mixin.mixin_argument.MixinArgumentDecorator object at 0x740d581d21d0>, verb_extension=<colcon_package_information.verb.list.ListVerb object at 0x740d581d1000>, main=<bound method ListVerb.main of <colcon_package_information.verb.list.ListVerb object at 0x740d581d1000>>, mixin_verb=('list',))
[1.096s] Level 1:colcon.colcon_core.package_discovery:discover_packages(colcon_meta) check parameters
[1.096s] Level 1:colcon.colcon_core.package_discovery:discover_packages(recursive) check parameters
[1.097s] Level 1:colcon.colcon_core.package_discovery:discover_packages(ignore) check parameters
[1.097s] Level 1:colcon.colcon_core.package_discovery:discover_packages(path) check parameters
[1.097s] Level 1:colcon.colcon_core.package_discovery:discover_packages(recursive) discover
[1.097s] INFO:colcon.colcon_core.package_discovery:Crawling recursively for packages in '/home/antonyf/ros2_ws'
[1.097s] Level 1:colcon.colcon_core.package_identification:_identify(/home/antonyf/ros2_ws) by extensions ['ignore', 'ignore_ament_install']
[1.098s] Level 1:colcon.colcon_core.package_identification:_identify(/home/antonyf/ros2_ws) by extension 'ignore'
[1.098s] Level 1:colcon.colcon_core.package_identification:_identify(/home/antonyf/ros2_ws) by extension 'ignore_ament_install'
[1.098s] Level 1:colcon.colcon_core.package_identification:_identify(/home/antonyf/ros2_ws) by extensions ['colcon_pkg']
[1.098s] Level 1:colcon.colcon_core.package_identification:_identify(/home/antonyf/ros2_ws) by extension 'colcon_pkg'
[1.098s] Level 1:colcon.colcon_core.package_identification:_identify(/home/antonyf/ros2_ws) by extensions ['colcon_meta']
[1.098s] Level 1:colcon.colcon_core.package_identification:_identify(/home/antonyf/ros2_ws) by extension 'colcon_meta'
[1.099s] Level 1:colcon.colcon_core.package_identification:_identify(/home/antonyf/ros2_ws) by extensions ['ros']
[1.099s] Level 1:colcon.colcon_core.package_identification:_identify(/home/antonyf/ros2_ws) by extension 'ros'
[1.145s] Level 1:colcon.colcon_core.package_identification:_identify(/home/antonyf/ros2_ws) by extensions ['cmake', 'python']
[1.145s] Level 1:colcon.colcon_core.package_identification:_identify(/home/antonyf/ros2_ws) by extension 'cmake'
[1.145s] Level 1:colcon.colcon_core.package_identification:_identify(/home/antonyf/ros2_ws) by extension 'python'
[1.145s] Level 1:colcon.colcon_core.package_identification:_identify(/home/antonyf/ros2_ws) by extensions ['python_setup_py']
[1.146s] Level 1:colcon.colcon_core.package_identification:_identify(/home/antonyf/ros2_ws) by extension 'python_setup_py'
[1.147s] Level 1:colcon.colcon_core.package_identification:_identify(/home/antonyf/ros2_ws/build) by extensions ['ignore', 'ignore_ament_install']
[1.147s] Level 1:colcon.colcon_core.package_identification:_identify(/home/antonyf/ros2_ws/build) by extension 'ignore'
[1.147s] Level 1:colcon.colcon_core.package_identification:_identify(/home/antonyf/ros2_ws/build) ignored
[1.148s] Level 1:colcon.colcon_core.package_identification:_identify(/home/antonyf/ros2_ws/install) by extensions ['ignore', 'ignore_ament_install']
[1.148s] Level 1:colcon.colcon_core.package_identification:_identify(/home/antonyf/ros2_ws/install) by extension 'ignore'
[1.148s] Level 1:colcon.colcon_core.package_identification:_identify(/home/antonyf/ros2_ws/install) ignored
[1.149s] Level 1:colcon.colcon_core.package_identification:_identify(/home/antonyf/ros2_ws/log) by extensions ['ignore', 'ignore_ament_install']
[1.149s] Level 1:colcon.colcon_core.package_identification:_identify(/home/antonyf/ros2_ws/log) by extension 'ignore'
[1.149s] Level 1:colcon.colcon_core.package_identification:_identify(/home/antonyf/ros2_ws/log) ignored
[1.150s] Level 1:colcon.colcon_core.package_identification:_identify(/home/antonyf/ros2_ws/src) by extensions ['ignore', 'ignore_ament_install']
[1.150s] Level 1:colcon.colcon_core.package_identification:_identify(/home/antonyf/ros2_ws/src) by extension 'ignore'
[1.151s] Level 1:colcon.colcon_core.package_identification:_identify(/home/antonyf/ros2_ws/src) by extension 'ignore_ament_install'
[1.151s] Level 1:colcon.colcon_core.package_identification:_identify(/home/antonyf/ros2_ws/src) by extensions ['colcon_pkg']
[1.151s] Level 1:colcon.colcon_core.package_identification:_identify(/home/antonyf/ros2_ws/src) by extension 'colcon_pkg'
[1.151s] Level 1:colcon.colcon_core.package_identification:_identify(/home/antonyf/ros2_ws/src) by extensions ['colcon_meta']
[1.151s] Level 1:colcon.colcon_core.package_identification:_identify(/home/antonyf/ros2_ws/src) by extension 'colcon_meta'
[1.152s] Level 1:colcon.colcon_core.package_identification:_identify(/home/antonyf/ros2_ws/src) by extensions ['ros']
[1.152s] Level 1:colcon.colcon_core.package_identification:_identify(/home/antonyf/ros2_ws/src) by extension 'ros'
[1.152s] Level 1:colcon.colcon_core.package_identification:_identify(/home/antonyf/ros2_ws/src) by extensions ['cmake', 'python']
[1.152s] Level 1:colcon.colcon_core.package_identification:_identify(/home/antonyf/ros2_ws/src) by extension 'cmake'
[1.152s] Level 1:colcon.colcon_core.package_identification:_identify(/home/antonyf/ros2_ws/src) by extension 'python'
[1.152s] Level 1:colcon.colcon_core.package_identification:_identify(/home/antonyf/ros2_ws/src) by extensions ['python_setup_py']
[1.152s] Level 1:colcon.colcon_core.package_identification:_identify(/home/antonyf/ros2_ws/src) by extension 'python_setup_py'
[1.153s] Level 1:colcon.colcon_core.package_identification:_identify(/home/antonyf/ros2_ws/src/my_rc_car) by extensions ['ignore', 'ignore_ament_install']
[1.153s] Level 1:colcon.colcon_core.package_identification:_identify(/home/antonyf/ros2_ws/src/my_rc_car) by extension 'ignore'
[1.153s] Level 1:colcon.colcon_core.package_identification:_identify(/home/antonyf/ros2_ws/src/my_rc_car) by extension 'ignore_ament_install'
[1.153s] Level 1:colcon.colcon_core.package_identification:_identify(/home/antonyf/ros2_ws/src/my_rc_car) by extensions ['colcon_pkg']
[1.153s] Level 1:colcon.colcon_core.package_identification:_identify(/home/antonyf/ros2_ws/src/my_rc_car) by extension 'colcon_pkg'
[1.153s] Level 1:colcon.colcon_core.package_identification:_identify(/home/antonyf/ros2_ws/src/my_rc_car) by extensions ['colcon_meta']
[1.153s] Level 1:colcon.colcon_core.package_identification:_identify(/home/antonyf/ros2_ws/src/my_rc_car) by extension 'colcon_meta'
[1.154s] Level 1:colcon.colcon_core.package_identification:_identify(/home/antonyf/ros2_ws/src/my_rc_car) by extensions ['ros']
[1.154s] Level 1:colcon.colcon_core.package_identification:_identify(/home/antonyf/ros2_ws/src/my_rc_car) by extension 'ros'
[1.161s] DEBUG:colcon.colcon_core.package_identification:Package '/home/antonyf/ros2_ws/src/my_rc_car' with type 'ros.ament_python' and name 'my_rc_car'
[1.163s] Level 1:colcon.colcon_core.package_identification:_identify(/home/antonyf/ros2_ws/src/my_robot_controller) by extensions ['ignore', 'ignore_ament_install']
[1.164s] Level 1:colcon.colcon_core.package_identification:_identify(/home/antonyf/ros2_ws/src/my_robot_controller) by extension 'ignore'
[1.164s] Level 1:colcon.colcon_core.package_identification:_identify(/home/antonyf/ros2_ws/src/my_robot_controller) by extension 'ignore_ament_install'
[1.164s] Level 1:colcon.colcon_core.package_identification:_identify(/home/antonyf/ros2_ws/src/my_robot_controller) by extensions ['colcon_pkg']
[1.164s] Level 1:colcon.colcon_core.package_identification:_identify(/home/antonyf/ros2_ws/src/my_robot_controller) by extension 'colcon_pkg'
[1.164s] Level 1:colcon.colcon_core.package_identification:_identify(/home/antonyf/ros2_ws/src/my_robot_controller) by extensions ['colcon_meta']
[1.164s] Level 1:colcon.colcon_core.package_identification:_identify(/home/antonyf/ros2_ws/src/my_robot_controller) by extension 'colcon_meta'
[1.164s] Level 1:colcon.colcon_core.package_identification:_identify(/home/antonyf/ros2_ws/src/my_robot_controller) by extensions ['ros']
[1.164s] Level 1:colcon.colcon_core.package_identification:_identify(/home/antonyf/ros2_ws/src/my_robot_controller) by extension 'ros'
[1.166s] DEBUG:colcon.colcon_core.package_identification:Package '/home/antonyf/ros2_ws/src/my_robot_controller' with type 'ros.ament_python' and name 'my_robot_controller'
[1.166s] Level 1:colcon.colcon_core.package_discovery:discover_packages(recursive) using defaults
