[2.598s] Invoking command in '/home/antonyf/ros2_ws/src/my_rc_car': PYTHONPATH=/home/antonyf/ros2_ws/build/my_rc_car/prefix_override:/usr/lib/python3/dist-packages/colcon_core/task/python/colcon_distutils_commands:/home/antonyf/ros2_ws/install/my_rc_car/lib/python3.10/site-packages:${PYTHONPATH} /usr/bin/python3 -W ignore:setup.py install is deprecated -W ignore:easy_install command is deprecated setup.py egg_info --egg-base ../../build/my_rc_car build --build-base /home/antonyf/ros2_ws/build/my_rc_car/build install --record /home/antonyf/ros2_ws/build/my_rc_car/install.log --single-version-externally-managed install_data
[3.158s] running egg_info
[3.159s] writing ../../build/my_rc_car/my_rc_car.egg-info/PKG-INFO
[3.198s] writing dependency_links to ../../build/my_rc_car/my_rc_car.egg-info/dependency_links.txt
[3.200s] writing entry points to ../../build/my_rc_car/my_rc_car.egg-info/entry_points.txt
[3.200s] writing requirements to ../../build/my_rc_car/my_rc_car.egg-info/requires.txt
[3.201s] writing top-level names to ../../build/my_rc_car/my_rc_car.egg-info/top_level.txt
[3.205s] reading manifest file '../../build/my_rc_car/my_rc_car.egg-info/SOURCES.txt'
[3.208s] writing manifest file '../../build/my_rc_car/my_rc_car.egg-info/SOURCES.txt'
[3.209s] running build
[3.210s] running build_py
[3.211s] copying my_rc_car/drive_control_canbus.py -> /home/antonyf/ros2_ws/build/my_rc_car/build/lib/my_rc_car
[3.213s] running install
[3.214s] running install_lib
[3.216s] copying /home/antonyf/ros2_ws/build/my_rc_car/build/lib/my_rc_car/drive_control_canbus.py -> /home/antonyf/ros2_ws/install/my_rc_car/lib/python3.10/site-packages/my_rc_car
[3.218s] byte-compiling /home/antonyf/ros2_ws/install/my_rc_car/lib/python3.10/site-packages/my_rc_car/drive_control_canbus.py to drive_control_canbus.cpython-310.pyc
[3.224s] running install_data
[3.225s] running install_egg_info
[3.229s] removing '/home/antonyf/ros2_ws/install/my_rc_car/lib/python3.10/site-packages/my_rc_car-0.0.1-py3.10.egg-info' (and everything under it)
[3.231s] Copying ../../build/my_rc_car/my_rc_car.egg-info to /home/antonyf/ros2_ws/install/my_rc_car/lib/python3.10/site-packages/my_rc_car-0.0.1-py3.10.egg-info
[3.236s] running install_scripts
[3.286s] Installing drive_control_canbus script to /home/antonyf/ros2_ws/install/my_rc_car/lib/my_rc_car
[3.286s] Installing rc_controller script to /home/antonyf/ros2_ws/install/my_rc_car/lib/my_rc_car
[3.288s] writing list of installed files to '/home/antonyf/ros2_ws/build/my_rc_car/install.log'
[3.346s] Invoked command in '/home/antonyf/ros2_ws/src/my_rc_car' returned '0': PYTHONPATH=/home/antonyf/ros2_ws/build/my_rc_car/prefix_override:/usr/lib/python3/dist-packages/colcon_core/task/python/colcon_distutils_commands:/home/antonyf/ros2_ws/install/my_rc_car/lib/python3.10/site-packages:${PYTHONPATH} /usr/bin/python3 -W ignore:setup.py install is deprecated -W ignore:easy_install command is deprecated setup.py egg_info --egg-base ../../build/my_rc_car build --build-base /home/antonyf/ros2_ws/build/my_rc_car/build install --record /home/antonyf/ros2_ws/build/my_rc_car/install.log --single-version-externally-managed install_data
