[0.694s] DEBUG:colcon:Command line arguments: ['/usr/bin/colcon', 'build']
[0.694s] DEBUG:colcon:Parsed command line arguments: Namespace(log_base=None, log_level=None, verb_name='build', build_base='build', install_base='install', merge_install=False, symlink_install=False, test_result_base=None, continue_on_error=False, executor='parallel', parallel_workers=12, event_handlers=None, ignore_user_meta=False, metas=['./colcon.meta'], base_paths=['.'], packages_ignore=None, packages_ignore_regex=None, paths=None, packages_up_to=None, packages_up_to_regex=None, packages_above=None, packages_above_and_dependencies=None, packages_above_depth=None, packages_select_by_dep=None, packages_skip_by_dep=None, packages_skip_up_to=None, packages_select_build_failed=False, packages_skip_build_finished=False, packages_select_test_failures=False, packages_skip_test_passed=False, packages_select=None, packages_skip=None, packages_select_regex=None, packages_skip_regex=None, packages_start=None, packages_end=None, allow_overriding=[], cmake_args=None, cmake_target=None, cmake_target_skip_unavailable=False, cmake_clean_cache=False, cmake_clean_first=False, cmake_force_configure=False, ament_cmake_args=None, catkin_cmake_args=None, catkin_skip_building_tests=False, mixin_files=None, mixin=None, verb_parser=<colcon_mixin.mixin.mixin_argument.MixinArgumentDecorator object at 0x7500473e9c60>, verb_extension=<colcon_core.verb.build.BuildVerb object at 0x7500473e9570>, main=<bound method BuildVerb.main of <colcon_core.verb.build.BuildVerb object at 0x7500473e9570>>, mixin_verb=('build',))
[1.307s] Level 1:colcon.colcon_core.package_discovery:discover_packages(colcon_meta) check parameters
[1.307s] Level 1:colcon.colcon_core.package_discovery:discover_packages(recursive) check parameters
[1.307s] Level 1:colcon.colcon_core.package_discovery:discover_packages(ignore) check parameters
[1.307s] Level 1:colcon.colcon_core.package_discovery:discover_packages(path) check parameters
[1.307s] Level 1:colcon.colcon_core.package_discovery:discover_packages(colcon_meta) discover
[1.307s] Level 1:colcon.colcon_core.package_discovery:discover_packages(recursive) discover
[1.307s] INFO:colcon.colcon_core.package_discovery:Crawling recursively for packages in '/home/antonyf/ros2_ws'
[1.308s] Level 1:colcon.colcon_core.package_identification:_identify(.) by extensions ['ignore', 'ignore_ament_install']
[1.308s] Level 1:colcon.colcon_core.package_identification:_identify(.) by extension 'ignore'
[1.308s] Level 1:colcon.colcon_core.package_identification:_identify(.) by extension 'ignore_ament_install'
[1.308s] Level 1:colcon.colcon_core.package_identification:_identify(.) by extensions ['colcon_pkg']
[1.309s] Level 1:colcon.colcon_core.package_identification:_identify(.) by extension 'colcon_pkg'
[1.309s] Level 1:colcon.colcon_core.package_identification:_identify(.) by extensions ['colcon_meta']
[1.309s] Level 1:colcon.colcon_core.package_identification:_identify(.) by extension 'colcon_meta'
[1.309s] Level 1:colcon.colcon_core.package_identification:_identify(.) by extensions ['ros']
[1.309s] Level 1:colcon.colcon_core.package_identification:_identify(.) by extension 'ros'
[1.344s] Level 1:colcon.colcon_core.package_identification:_identify(.) by extensions ['cmake', 'python']
[1.344s] Level 1:colcon.colcon_core.package_identification:_identify(.) by extension 'cmake'
[1.344s] Level 1:colcon.colcon_core.package_identification:_identify(.) by extension 'python'
[1.344s] Level 1:colcon.colcon_core.package_identification:_identify(.) by extensions ['python_setup_py']
[1.344s] Level 1:colcon.colcon_core.package_identification:_identify(.) by extension 'python_setup_py'
[1.345s] Level 1:colcon.colcon_core.package_identification:_identify(build) by extensions ['ignore', 'ignore_ament_install']
[1.345s] Level 1:colcon.colcon_core.package_identification:_identify(build) by extension 'ignore'
[1.346s] Level 1:colcon.colcon_core.package_identification:_identify(build) ignored
[1.346s] Level 1:colcon.colcon_core.package_identification:_identify(install) by extensions ['ignore', 'ignore_ament_install']
[1.346s] Level 1:colcon.colcon_core.package_identification:_identify(install) by extension 'ignore'
[1.346s] Level 1:colcon.colcon_core.package_identification:_identify(install) ignored
[1.347s] Level 1:colcon.colcon_core.package_identification:_identify(log) by extensions ['ignore', 'ignore_ament_install']
[1.347s] Level 1:colcon.colcon_core.package_identification:_identify(log) by extension 'ignore'
[1.347s] Level 1:colcon.colcon_core.package_identification:_identify(log) ignored
[1.347s] Level 1:colcon.colcon_core.package_identification:_identify(src) by extensions ['ignore', 'ignore_ament_install']
[1.348s] Level 1:colcon.colcon_core.package_identification:_identify(src) by extension 'ignore'
[1.348s] Level 1:colcon.colcon_core.package_identification:_identify(src) by extension 'ignore_ament_install'
[1.348s] Level 1:colcon.colcon_core.package_identification:_identify(src) by extensions ['colcon_pkg']
[1.348s] Level 1:colcon.colcon_core.package_identification:_identify(src) by extension 'colcon_pkg'
[1.348s] Level 1:colcon.colcon_core.package_identification:_identify(src) by extensions ['colcon_meta']
[1.348s] Level 1:colcon.colcon_core.package_identification:_identify(src) by extension 'colcon_meta'
[1.348s] Level 1:colcon.colcon_core.package_identification:_identify(src) by extensions ['ros']
[1.349s] Level 1:colcon.colcon_core.package_identification:_identify(src) by extension 'ros'
[1.349s] Level 1:colcon.colcon_core.package_identification:_identify(src) by extensions ['cmake', 'python']
[1.349s] Level 1:colcon.colcon_core.package_identification:_identify(src) by extension 'cmake'
[1.349s] Level 1:colcon.colcon_core.package_identification:_identify(src) by extension 'python'
[1.349s] Level 1:colcon.colcon_core.package_identification:_identify(src) by extensions ['python_setup_py']
[1.350s] Level 1:colcon.colcon_core.package_identification:_identify(src) by extension 'python_setup_py'
[1.350s] Level 1:colcon.colcon_core.package_identification:_identify(src/my_rc_car) by extensions ['ignore', 'ignore_ament_install']
[1.350s] Level 1:colcon.colcon_core.package_identification:_identify(src/my_rc_car) by extension 'ignore'
[1.350s] Level 1:colcon.colcon_core.package_identification:_identify(src/my_rc_car) by extension 'ignore_ament_install'
[1.351s] Level 1:colcon.colcon_core.package_identification:_identify(src/my_rc_car) by extensions ['colcon_pkg']
[1.351s] Level 1:colcon.colcon_core.package_identification:_identify(src/my_rc_car) by extension 'colcon_pkg'
[1.351s] Level 1:colcon.colcon_core.package_identification:_identify(src/my_rc_car) by extensions ['colcon_meta']
[1.351s] Level 1:colcon.colcon_core.package_identification:_identify(src/my_rc_car) by extension 'colcon_meta'
[1.351s] Level 1:colcon.colcon_core.package_identification:_identify(src/my_rc_car) by extensions ['ros']
[1.351s] Level 1:colcon.colcon_core.package_identification:_identify(src/my_rc_car) by extension 'ros'
[1.363s] DEBUG:colcon.colcon_core.package_identification:Package 'src/my_rc_car' with type 'ros.ament_python' and name 'my_rc_car'
[1.363s] Level 1:colcon.colcon_core.package_identification:_identify(src/my_robot_controller) by extensions ['ignore', 'ignore_ament_install']
[1.364s] Level 1:colcon.colcon_core.package_identification:_identify(src/my_robot_controller) by extension 'ignore'
[1.364s] Level 1:colcon.colcon_core.package_identification:_identify(src/my_robot_controller) by extension 'ignore_ament_install'
[1.364s] Level 1:colcon.colcon_core.package_identification:_identify(src/my_robot_controller) by extensions ['colcon_pkg']
[1.364s] Level 1:colcon.colcon_core.package_identification:_identify(src/my_robot_controller) by extension 'colcon_pkg'
[1.364s] Level 1:colcon.colcon_core.package_identification:_identify(src/my_robot_controller) by extensions ['colcon_meta']
[1.364s] Level 1:colcon.colcon_core.package_identification:_identify(src/my_robot_controller) by extension 'colcon_meta'
[1.364s] Level 1:colcon.colcon_core.package_identification:_identify(src/my_robot_controller) by extensions ['ros']
[1.364s] Level 1:colcon.colcon_core.package_identification:_identify(src/my_robot_controller) by extension 'ros'
[1.366s] DEBUG:colcon.colcon_core.package_identification:Package 'src/my_robot_controller' with type 'ros.ament_python' and name 'my_robot_controller'
[1.366s] Level 1:colcon.colcon_core.package_discovery:discover_packages(recursive) using defaults
[1.366s] Level 1:colcon.colcon_core.package_discovery:discover_packages(ignore) discover
[1.366s] Level 1:colcon.colcon_core.package_discovery:discover_packages(ignore) using defaults
[1.366s] Level 1:colcon.colcon_core.package_discovery:discover_packages(path) discover
[1.366s] Level 1:colcon.colcon_core.package_discovery:discover_packages(path) using defaults
[1.467s] Level 1:colcon.colcon_core.package_discovery:discover_packages(prefix_path) check parameters
[1.468s] Level 1:colcon.colcon_core.package_discovery:discover_packages(prefix_path) discover
[1.475s] DEBUG:colcon.colcon_installed_package_information.package_discovery:Found 2 installed packages in /home/antonyf/ros2_ws/install
[1.478s] DEBUG:colcon.colcon_installed_package_information.package_discovery:Found 271 installed packages in /opt/ros/humble
[1.481s] Level 1:colcon.colcon_core.package_discovery:discover_packages(prefix_path) using defaults
[1.592s] Level 5:colcon.colcon_core.verb:set package 'my_rc_car' build argument 'cmake_args' from command line to 'None'
[1.592s] Level 5:colcon.colcon_core.verb:set package 'my_rc_car' build argument 'cmake_target' from command line to 'None'
[1.592s] Level 5:colcon.colcon_core.verb:set package 'my_rc_car' build argument 'cmake_target_skip_unavailable' from command line to 'False'
[1.592s] Level 5:colcon.colcon_core.verb:set package 'my_rc_car' build argument 'cmake_clean_cache' from command line to 'False'
[1.593s] Level 5:colcon.colcon_core.verb:set package 'my_rc_car' build argument 'cmake_clean_first' from command line to 'False'
[1.593s] Level 5:colcon.colcon_core.verb:set package 'my_rc_car' build argument 'cmake_force_configure' from command line to 'False'
[1.593s] Level 5:colcon.colcon_core.verb:set package 'my_rc_car' build argument 'ament_cmake_args' from command line to 'None'
[1.593s] Level 5:colcon.colcon_core.verb:set package 'my_rc_car' build argument 'catkin_cmake_args' from command line to 'None'
[1.593s] Level 5:colcon.colcon_core.verb:set package 'my_rc_car' build argument 'catkin_skip_building_tests' from command line to 'False'
[1.593s] DEBUG:colcon.colcon_core.verb:Building package 'my_rc_car' with the following arguments: {'ament_cmake_args': None, 'build_base': '/home/antonyf/ros2_ws/build/my_rc_car', 'catkin_cmake_args': None, 'catkin_skip_building_tests': False, 'cmake_args': None, 'cmake_clean_cache': False, 'cmake_clean_first': False, 'cmake_force_configure': False, 'cmake_target': None, 'cmake_target_skip_unavailable': False, 'install_base': '/home/antonyf/ros2_ws/install/my_rc_car', 'merge_install': False, 'path': '/home/antonyf/ros2_ws/src/my_rc_car', 'symlink_install': False, 'test_result_base': None}
[1.594s] Level 5:colcon.colcon_core.verb:set package 'my_robot_controller' build argument 'cmake_args' from command line to 'None'
[1.594s] Level 5:colcon.colcon_core.verb:set package 'my_robot_controller' build argument 'cmake_target' from command line to 'None'
[1.595s] Level 5:colcon.colcon_core.verb:set package 'my_robot_controller' build argument 'cmake_target_skip_unavailable' from command line to 'False'
[1.595s] Level 5:colcon.colcon_core.verb:set package 'my_robot_controller' build argument 'cmake_clean_cache' from command line to 'False'
[1.595s] Level 5:colcon.colcon_core.verb:set package 'my_robot_controller' build argument 'cmake_clean_first' from command line to 'False'
[1.595s] Level 5:colcon.colcon_core.verb:set package 'my_robot_controller' build argument 'cmake_force_configure' from command line to 'False'
[1.595s] Level 5:colcon.colcon_core.verb:set package 'my_robot_controller' build argument 'ament_cmake_args' from command line to 'None'
[1.595s] Level 5:colcon.colcon_core.verb:set package 'my_robot_controller' build argument 'catkin_cmake_args' from command line to 'None'
[1.595s] Level 5:colcon.colcon_core.verb:set package 'my_robot_controller' build argument 'catkin_skip_building_tests' from command line to 'False'
[1.595s] DEBUG:colcon.colcon_core.verb:Building package 'my_robot_controller' with the following arguments: {'ament_cmake_args': None, 'build_base': '/home/antonyf/ros2_ws/build/my_robot_controller', 'catkin_cmake_args': None, 'catkin_skip_building_tests': False, 'cmake_args': None, 'cmake_clean_cache': False, 'cmake_clean_first': False, 'cmake_force_configure': False, 'cmake_target': None, 'cmake_target_skip_unavailable': False, 'install_base': '/home/antonyf/ros2_ws/install/my_robot_controller', 'merge_install': False, 'path': '/home/antonyf/ros2_ws/src/my_robot_controller', 'symlink_install': False, 'test_result_base': None}
[1.595s] INFO:colcon.colcon_core.executor:Executing jobs using 'parallel' executor
[1.598s] DEBUG:colcon.colcon_parallel_executor.executor.parallel:run_until_complete
[1.599s] INFO:colcon.colcon_ros.task.ament_python.build:Building ROS package in '/home/antonyf/ros2_ws/src/my_rc_car' with build type 'ament_python'
[1.599s] Level 1:colcon.colcon_core.shell:create_environment_hook('my_rc_car', 'ament_prefix_path')
[1.608s] INFO:colcon.colcon_core.plugin_system:Skipping extension 'colcon_core.shell.bat': Not used on non-Windows systems
[1.609s] INFO:colcon.colcon_core.shell:Creating environment hook '/home/antonyf/ros2_ws/install/my_rc_car/share/my_rc_car/hook/ament_prefix_path.ps1'
[1.611s] INFO:colcon.colcon_core.shell:Creating environment descriptor '/home/antonyf/ros2_ws/install/my_rc_car/share/my_rc_car/hook/ament_prefix_path.dsv'
[1.614s] INFO:colcon.colcon_core.shell:Creating environment hook '/home/antonyf/ros2_ws/install/my_rc_car/share/my_rc_car/hook/ament_prefix_path.sh'
[1.617s] INFO:colcon.colcon_core.shell:Skip shell extension 'powershell' for command environment: Not usable outside of PowerShell
[1.617s] DEBUG:colcon.colcon_core.shell:Skip shell extension 'dsv' for command environment
[1.625s] INFO:colcon.colcon_ros.task.ament_python.build:Building ROS package in '/home/antonyf/ros2_ws/src/my_robot_controller' with build type 'ament_python'
[1.625s] Level 1:colcon.colcon_core.shell:create_environment_hook('my_robot_controller', 'ament_prefix_path')
[1.626s] INFO:colcon.colcon_core.shell:Creating environment hook '/home/antonyf/ros2_ws/install/my_robot_controller/share/my_robot_controller/hook/ament_prefix_path.ps1'
[1.628s] INFO:colcon.colcon_core.shell:Creating environment descriptor '/home/antonyf/ros2_ws/install/my_robot_controller/share/my_robot_controller/hook/ament_prefix_path.dsv'
[1.629s] INFO:colcon.colcon_core.shell:Creating environment hook '/home/antonyf/ros2_ws/install/my_robot_controller/share/my_robot_controller/hook/ament_prefix_path.sh'
[1.631s] INFO:colcon.colcon_core.shell:Skip shell extension 'powershell' for command environment: Not usable outside of PowerShell
[1.631s] DEBUG:colcon.colcon_core.shell:Skip shell extension 'dsv' for command environment
[2.421s] INFO:colcon.colcon_core.task.python.build:Building Python package in '/home/antonyf/ros2_ws/src/my_rc_car'
[2.421s] INFO:colcon.colcon_core.shell:Skip shell extension 'powershell' for command environment: Not usable outside of PowerShell
[2.421s] DEBUG:colcon.colcon_core.shell:Skip shell extension 'dsv' for command environment
[3.166s] INFO:colcon.colcon_core.task.python.build:Building Python package in '/home/antonyf/ros2_ws/src/my_robot_controller'
[3.166s] INFO:colcon.colcon_core.shell:Skip shell extension 'powershell' for command environment: Not usable outside of PowerShell
[3.166s] DEBUG:colcon.colcon_core.shell:Skip shell extension 'dsv' for command environment
[4.389s] DEBUG:colcon.colcon_core.event_handler.log_command:Invoking command in '/home/antonyf/ros2_ws/src/my_rc_car': PYTHONPATH=/home/antonyf/ros2_ws/build/my_rc_car/prefix_override:/usr/lib/python3/dist-packages/colcon_core/task/python/colcon_distutils_commands:/home/antonyf/ros2_ws/install/my_rc_car/lib/python3.10/site-packages:${PYTHONPATH} /usr/bin/python3 -W ignore:setup.py install is deprecated -W ignore:easy_install command is deprecated setup.py egg_info --egg-base ../../build/my_rc_car build --build-base /home/antonyf/ros2_ws/build/my_rc_car/build install --record /home/antonyf/ros2_ws/build/my_rc_car/install.log --single-version-externally-managed install_data
[4.397s] DEBUG:colcon.colcon_core.event_handler.log_command:Invoking command in '/home/antonyf/ros2_ws/src/my_robot_controller': PYTHONPATH=/home/antonyf/ros2_ws/build/my_robot_controller/prefix_override:/usr/lib/python3/dist-packages/colcon_core/task/python/colcon_distutils_commands:/home/antonyf/ros2_ws/install/my_robot_controller/lib/python3.10/site-packages:${PYTHONPATH} /usr/bin/python3 -W ignore:setup.py install is deprecated -W ignore:easy_install command is deprecated setup.py egg_info --egg-base ../../build/my_robot_controller build --build-base /home/antonyf/ros2_ws/build/my_robot_controller/build install --record /home/antonyf/ros2_ws/build/my_robot_controller/install.log --single-version-externally-managed install_data
[5.205s] DEBUG:colcon.colcon_core.event_handler.log_command:Invoked command in '/home/antonyf/ros2_ws/src/my_rc_car' returned '0': PYTHONPATH=/home/antonyf/ros2_ws/build/my_rc_car/prefix_override:/usr/lib/python3/dist-packages/colcon_core/task/python/colcon_distutils_commands:/home/antonyf/ros2_ws/install/my_rc_car/lib/python3.10/site-packages:${PYTHONPATH} /usr/bin/python3 -W ignore:setup.py install is deprecated -W ignore:easy_install command is deprecated setup.py egg_info --egg-base ../../build/my_rc_car build --build-base /home/antonyf/ros2_ws/build/my_rc_car/build install --record /home/antonyf/ros2_ws/build/my_rc_car/install.log --single-version-externally-managed install_data
[5.218s] Level 1:colcon.colcon_core.environment:checking '/home/antonyf/ros2_ws/install/my_rc_car' for CMake module files
[5.221s] Level 1:colcon.colcon_core.environment:checking '/home/antonyf/ros2_ws/install/my_rc_car' for CMake config files
[5.223s] Level 1:colcon.colcon_core.environment:checking '/home/antonyf/ros2_ws/install/my_rc_car/lib'
[5.224s] Level 1:colcon.colcon_core.environment:checking '/home/antonyf/ros2_ws/install/my_rc_car/bin'
[5.224s] Level 1:colcon.colcon_core.environment:checking '/home/antonyf/ros2_ws/install/my_rc_car/lib/pkgconfig/my_rc_car.pc'
[5.225s] Level 1:colcon.colcon_core.environment:checking '/home/antonyf/ros2_ws/install/my_rc_car/lib/python3.10/site-packages'
[5.225s] Level 1:colcon.colcon_core.shell:create_environment_hook('my_rc_car', 'pythonpath')
[5.225s] INFO:colcon.colcon_core.shell:Creating environment hook '/home/antonyf/ros2_ws/install/my_rc_car/share/my_rc_car/hook/pythonpath.ps1'
[5.226s] INFO:colcon.colcon_core.shell:Creating environment descriptor '/home/antonyf/ros2_ws/install/my_rc_car/share/my_rc_car/hook/pythonpath.dsv'
[5.228s] INFO:colcon.colcon_core.shell:Creating environment hook '/home/antonyf/ros2_ws/install/my_rc_car/share/my_rc_car/hook/pythonpath.sh'
[5.229s] Level 1:colcon.colcon_core.environment:checking '/home/antonyf/ros2_ws/install/my_rc_car/bin'
[5.229s] Level 1:colcon.colcon_core.environment:create_environment_scripts_only(my_rc_car)
[5.230s] INFO:colcon.colcon_core.shell:Creating package script '/home/antonyf/ros2_ws/install/my_rc_car/share/my_rc_car/package.ps1'
[5.233s] INFO:colcon.colcon_core.shell:Creating package descriptor '/home/antonyf/ros2_ws/install/my_rc_car/share/my_rc_car/package.dsv'
[5.235s] INFO:colcon.colcon_core.shell:Creating package script '/home/antonyf/ros2_ws/install/my_rc_car/share/my_rc_car/package.sh'
[5.237s] INFO:colcon.colcon_core.shell:Creating package script '/home/antonyf/ros2_ws/install/my_rc_car/share/my_rc_car/package.bash'
[5.239s] INFO:colcon.colcon_core.shell:Creating package script '/home/antonyf/ros2_ws/install/my_rc_car/share/my_rc_car/package.zsh'
[5.241s] Level 1:colcon.colcon_core.environment:create_file_with_runtime_dependencies(/home/antonyf/ros2_ws/install/my_rc_car/share/colcon-core/packages/my_rc_car)
[5.245s] Level 1:colcon.colcon_core.environment:checking '/home/antonyf/ros2_ws/install/my_robot_controller' for CMake module files
[5.247s] DEBUG:colcon.colcon_core.event_handler.log_command:Invoked command in '/home/antonyf/ros2_ws/src/my_robot_controller' returned '0': PYTHONPATH=/home/antonyf/ros2_ws/build/my_robot_controller/prefix_override:/usr/lib/python3/dist-packages/colcon_core/task/python/colcon_distutils_commands:/home/antonyf/ros2_ws/install/my_robot_controller/lib/python3.10/site-packages:${PYTHONPATH} /usr/bin/python3 -W ignore:setup.py install is deprecated -W ignore:easy_install command is deprecated setup.py egg_info --egg-base ../../build/my_robot_controller build --build-base /home/antonyf/ros2_ws/build/my_robot_controller/build install --record /home/antonyf/ros2_ws/build/my_robot_controller/install.log --single-version-externally-managed install_data
[5.249s] Level 1:colcon.colcon_core.environment:checking '/home/antonyf/ros2_ws/install/my_robot_controller' for CMake config files
[5.252s] Level 1:colcon.colcon_core.environment:checking '/home/antonyf/ros2_ws/install/my_robot_controller/lib'
[5.252s] Level 1:colcon.colcon_core.environment:checking '/home/antonyf/ros2_ws/install/my_robot_controller/bin'
[5.252s] Level 1:colcon.colcon_core.environment:checking '/home/antonyf/ros2_ws/install/my_robot_controller/lib/pkgconfig/my_robot_controller.pc'
[5.253s] Level 1:colcon.colcon_core.environment:checking '/home/antonyf/ros2_ws/install/my_robot_controller/lib/python3.10/site-packages'
[5.253s] Level 1:colcon.colcon_core.shell:create_environment_hook('my_robot_controller', 'pythonpath')
[5.253s] INFO:colcon.colcon_core.shell:Creating environment hook '/home/antonyf/ros2_ws/install/my_robot_controller/share/my_robot_controller/hook/pythonpath.ps1'
[5.254s] INFO:colcon.colcon_core.shell:Creating environment descriptor '/home/antonyf/ros2_ws/install/my_robot_controller/share/my_robot_controller/hook/pythonpath.dsv'
[5.255s] INFO:colcon.colcon_core.shell:Creating environment hook '/home/antonyf/ros2_ws/install/my_robot_controller/share/my_robot_controller/hook/pythonpath.sh'
[5.257s] Level 1:colcon.colcon_core.environment:checking '/home/antonyf/ros2_ws/install/my_robot_controller/bin'
[5.257s] Level 1:colcon.colcon_core.environment:create_environment_scripts_only(my_robot_controller)
[5.258s] INFO:colcon.colcon_core.shell:Creating package script '/home/antonyf/ros2_ws/install/my_robot_controller/share/my_robot_controller/package.ps1'
[5.260s] INFO:colcon.colcon_core.shell:Creating package descriptor '/home/antonyf/ros2_ws/install/my_robot_controller/share/my_robot_controller/package.dsv'
[5.262s] INFO:colcon.colcon_core.shell:Creating package script '/home/antonyf/ros2_ws/install/my_robot_controller/share/my_robot_controller/package.sh'
[5.263s] INFO:colcon.colcon_core.shell:Creating package script '/home/antonyf/ros2_ws/install/my_robot_controller/share/my_robot_controller/package.bash'
[5.264s] INFO:colcon.colcon_core.shell:Creating package script '/home/antonyf/ros2_ws/install/my_robot_controller/share/my_robot_controller/package.zsh'
[5.265s] Level 1:colcon.colcon_core.environment:create_file_with_runtime_dependencies(/home/antonyf/ros2_ws/install/my_robot_controller/share/colcon-core/packages/my_robot_controller)
[5.266s] DEBUG:colcon.colcon_parallel_executor.executor.parallel:closing loop
[5.267s] DEBUG:colcon.colcon_parallel_executor.executor.parallel:loop closed
[5.267s] DEBUG:colcon.colcon_parallel_executor.executor.parallel:run_until_complete finished with '0'
[5.267s] DEBUG:colcon.colcon_core.event_reactor:joining thread
[5.415s] INFO:colcon.colcon_core.plugin_system:Skipping extension 'colcon_notification.desktop_notification.notify_send': Could not find 'notify-send'
[5.416s] INFO:colcon.colcon_core.plugin_system:Skipping extension 'colcon_notification.desktop_notification.terminal_notifier': Not used on non-Darwin systems
[5.416s] INFO:colcon.colcon_core.plugin_system:Skipping extension 'colcon_notification.desktop_notification.win32': Not used on non-Windows systems
[5.416s] INFO:colcon.colcon_notification.desktop_notification:Sending desktop notification using 'notify2'
[5.442s] DEBUG:colcon.colcon_notification.desktop_notification.notify2:Failed to initialize notify2: org.freedesktop.DBus.Error.ServiceUnknown: The name org.freedesktop.Notifications was not provided by any .service files
[5.443s] DEBUG:colcon.colcon_core.event_reactor:joined thread
[5.445s] INFO:colcon.colcon_core.shell:Creating prefix script '/home/antonyf/ros2_ws/install/local_setup.ps1'
[5.448s] INFO:colcon.colcon_core.shell:Creating prefix util module '/home/antonyf/ros2_ws/install/_local_setup_util_ps1.py'
[5.453s] INFO:colcon.colcon_core.shell:Creating prefix chain script '/home/antonyf/ros2_ws/install/setup.ps1'
[5.456s] INFO:colcon.colcon_core.shell:Creating prefix script '/home/antonyf/ros2_ws/install/local_setup.sh'
[5.458s] INFO:colcon.colcon_core.shell:Creating prefix util module '/home/antonyf/ros2_ws/install/_local_setup_util_sh.py'
[5.461s] INFO:colcon.colcon_core.shell:Creating prefix chain script '/home/antonyf/ros2_ws/install/setup.sh'
[5.465s] INFO:colcon.colcon_core.shell:Creating prefix script '/home/antonyf/ros2_ws/install/local_setup.bash'
[5.467s] INFO:colcon.colcon_core.shell:Creating prefix chain script '/home/antonyf/ros2_ws/install/setup.bash'
[5.470s] INFO:colcon.colcon_core.shell:Creating prefix script '/home/antonyf/ros2_ws/install/local_setup.zsh'
[5.471s] INFO:colcon.colcon_core.shell:Creating prefix chain script '/home/antonyf/ros2_ws/install/setup.zsh'
