[2.369s] Invoking command in '/home/antonyf/ros2_ws/src/my_rc_car': PYTHONPATH=/home/antonyf/ros2_ws/build/my_rc_car/prefix_override:/usr/lib/python3/dist-packages/colcon_core/task/python/colcon_distutils_commands:/home/antonyf/ros2_ws/install/my_rc_car/lib/python3.10/site-packages:${PYTHONPATH} /usr/bin/python3 -W ignore:setup.py install is deprecated -W ignore:easy_install command is deprecated setup.py egg_info --egg-base ../../build/my_rc_car build --build-base /home/antonyf/ros2_ws/build/my_rc_car/build install --record /home/antonyf/ros2_ws/build/my_rc_car/install.log --single-version-externally-managed install_data
[3.008s] running egg_info
[3.009s] writing ../../build/my_rc_car/my_rc_car.egg-info/PKG-INFO
[3.010s] writing dependency_links to ../../build/my_rc_car/my_rc_car.egg-info/dependency_links.txt
[3.012s] writing entry points to ../../build/my_rc_car/my_rc_car.egg-info/entry_points.txt
[3.013s] writing requirements to ../../build/my_rc_car/my_rc_car.egg-info/requires.txt
[3.013s] writing top-level names to ../../build/my_rc_car/my_rc_car.egg-info/top_level.txt
[3.017s] reading manifest file '../../build/my_rc_car/my_rc_car.egg-info/SOURCES.txt'
[3.020s] writing manifest file '../../build/my_rc_car/my_rc_car.egg-info/SOURCES.txt'
[3.021s] running build
[3.021s] running build_py
[3.022s] copying my_rc_car/drive_control_canbus.py -> /home/antonyf/ros2_ws/build/my_rc_car/build/lib/my_rc_car
[3.023s] running install
[3.024s] running install_lib
[3.025s] copying /home/antonyf/ros2_ws/build/my_rc_car/build/lib/my_rc_car/drive_control_canbus.py -> /home/antonyf/ros2_ws/install/my_rc_car/lib/python3.10/site-packages/my_rc_car
[3.027s] byte-compiling /home/antonyf/ros2_ws/install/my_rc_car/lib/python3.10/site-packages/my_rc_car/drive_control_canbus.py to drive_control_canbus.cpython-310.pyc
[3.033s] running install_data
[3.033s] running install_egg_info
[3.038s] removing '/home/antonyf/ros2_ws/install/my_rc_car/lib/python3.10/site-packages/my_rc_car-0.0.1-py3.10.egg-info' (and everything under it)
[3.041s] Copying ../../build/my_rc_car/my_rc_car.egg-info to /home/antonyf/ros2_ws/install/my_rc_car/lib/python3.10/site-packages/my_rc_car-0.0.1-py3.10.egg-info
[3.047s] running install_scripts
[3.091s] Installing drive_control_canbus script to /home/antonyf/ros2_ws/install/my_rc_car/lib/my_rc_car
[3.092s] Installing rc_controller script to /home/antonyf/ros2_ws/install/my_rc_car/lib/my_rc_car
[3.093s] writing list of installed files to '/home/antonyf/ros2_ws/build/my_rc_car/install.log'
[3.173s] Invoked command in '/home/antonyf/ros2_ws/src/my_rc_car' returned '0': PYTHONPATH=/home/antonyf/ros2_ws/build/my_rc_car/prefix_override:/usr/lib/python3/dist-packages/colcon_core/task/python/colcon_distutils_commands:/home/antonyf/ros2_ws/install/my_rc_car/lib/python3.10/site-packages:${PYTHONPATH} /usr/bin/python3 -W ignore:setup.py install is deprecated -W ignore:easy_install command is deprecated setup.py egg_info --egg-base ../../build/my_rc_car build --build-base /home/antonyf/ros2_ws/build/my_rc_car/build install --record /home/antonyf/ros2_ws/build/my_rc_car/install.log --single-version-externally-managed install_data
